<!DOCTYPE html PUBLIC "-//W3C//DTD XHTML 1.1//EN" "https://www.w3.org/TR/xhtml11/DTD/xhtml11.dtd">
<html xmlns="https://www.w3.org/1999/xhtml">
<head>
<meta http-equiv="content-type" content="text/html; charset=UTF-8"/>
<title>TestNG Report</title>
<style type="text/css">table {margin-bottom:10px;border-collapse:collapse;empty-cells:show}th,td {border:1px solid #009;padding:.25em .5em}th {vertical-align:bottom}td {vertical-align:top}table a {font-weight:bold}.stripe td {background-color: #E6EBF9}.num {text-align:right}.passedodd td {background-color: #3F3}.passedeven td {background-color: #0A0}.skippedodd td {background-color: #DDD}.skippedeven td {background-color: #CCC}.failedodd td,.attn {background-color: #F33}.failedeven td,.stripe .attn {background-color: #D00}.stacktrace {white-space:pre;font-family:monospace}.totop {font-size:85%;text-align:center;border-bottom:2px solid #000}.invisible {display:none}</style>
</head>
<body>
<table>
<tr><th>Test</th><th># Passed</th><th># Skipped</th><th># Retried</th><th># Failed</th><th>Time (ms)</th><th>Included Groups</th><th>Excluded Groups</th></tr>
<tr><th colspan="8">GoibiboOneByOne</th></tr>
<tr><td><a href="#t0">GoibiboChromeBrowserTest</a></td><td class="num">9</td><td class="num">0</td><td class="num">0</td><td class="num attn">7</td><td class="num">642,159</td><td></td><td></td></tr>
</table>
<table id='summary'><thead><tr><th>Class</th><th>Method</th><th>Start</th><th>Time (ms)</th></tr></thead><tbody><tr><th colspan="4">GoibiboOneByOne</th></tr></tbody><tbody id="t0"><tr><th colspan="4">GoibiboChromeBrowserTest &#8212; failed</th></tr><tr class="failedeven"><td rowspan="1">Ameer.GoibiboPrjPOMTests.Goibibo_TC02</td><td><a href="#m0">LoginWithValidCred</a></td><td rowspan="1">1712736038179</td><td rowspan="1">34230</td></tr><tr class="failedodd"><td rowspan="1">Ameer.GoibiboPrjPOMTests.Goibibo_TC08</td><td><a href="#m1">SelExtraOptluggageLegroomFood</a></td><td rowspan="1">1712736216765</td><td rowspan="1">42041</td></tr><tr class="failedeven"><td rowspan="1">Ameer.GoibiboPrjPOMTests.Goibibo_TC09</td><td><a href="#m2">MultiplePassengerBooking</a></td><td rowspan="1">1712736290183</td><td rowspan="1">38313</td></tr><tr class="failedodd"><td rowspan="1">Ameer.GoibiboPrjPOMTests.Goibibo_TC10</td><td><a href="#m3">VerifyFareBaggageCancelRule</a></td><td rowspan="1">1712736362124</td><td rowspan="1">37080</td></tr><tr class="failedeven"><td rowspan="1">Ameer.GoibiboPrjPOMTests.Goibibo_TC12</td><td><a href="#m4">LoginSerchFlightLogOut</a></td><td rowspan="1">1712736484221</td><td rowspan="1">34125</td></tr><tr class="failedodd"><td rowspan="1">Ameer.GoibiboPrjPOMTests.Goibibo_TC13</td><td><a href="#m5">VerifyApplyCouponCode</a></td><td rowspan="1">1712736523082</td><td rowspan="1">33879</td></tr><tr class="failedeven"><td rowspan="1">Ameer.GoibiboPrjPOMTests.Goibibo_TC15</td><td><a href="#m6">BookFlightandDoPayment</a></td><td rowspan="1">1712736577040</td><td rowspan="1">62010</td></tr><tr><th colspan="4">GoibiboChromeBrowserTest &#8212; passed</th></tr><tr class="passedeven"><td rowspan="1">Ameer.GoibiboPrjPOMTests.Goibibo_TC01</td><td><a href="#m7">RegisterNewAccount</a></td><td rowspan="1">1712736005426</td><td rowspan="1">5028</td></tr><tr class="passedodd"><td rowspan="1">Ameer.GoibiboPrjPOMTests.Goibibo_TC02</td><td><a href="#m8">LoginWithValidCred</a></td><td rowspan="1">1712736018684</td><td rowspan="1">12353</td></tr><tr class="passedeven"><td rowspan="1">Ameer.GoibiboPrjPOMTests.Goibibo_TC03</td><td><a href="#m9">LoginWithInvalidCred</a></td><td rowspan="1">1712736079164</td><td rowspan="1">4039</td></tr><tr class="passedodd"><td rowspan="1">Ameer.GoibiboPrjPOMTests.Goibibo_TC04</td><td><a href="#m10">SearchOneWayFlight</a></td><td rowspan="1">1712736090718</td><td rowspan="1">37494</td></tr><tr class="passedeven"><td rowspan="1">Ameer.GoibiboPrjPOMTests.Goibibo_TC05</td><td><a href="#m11">SearchTwoWayFlight</a></td><td rowspan="1">1712736133947</td><td rowspan="1">7059</td></tr><tr class="passedodd"><td rowspan="1">Ameer.GoibiboPrjPOMTests.Goibibo_TC06</td><td><a href="#m12">FlightSearchBussinessClass</a></td><td rowspan="1">1712736150623</td><td rowspan="1">22829</td></tr><tr class="passedeven"><td rowspan="1">Ameer.GoibiboPrjPOMTests.Goibibo_TC07</td><td><a href="#m13">MultiCityFlightSearch</a></td><td rowspan="1">1712736184598</td><td rowspan="1">16009</td></tr><tr class="passedodd"><td rowspan="1">Ameer.GoibiboPrjPOMTests.Goibibo_TC11</td><td><a href="#m14">VerifySearchPageFieledsarePresent</a></td><td rowspan="1">1712736409655</td><td rowspan="1">46799</td></tr><tr class="passedeven"><td rowspan="1">Ameer.GoibiboPrjPOMTests.Goibibo_TC14</td><td><a href="#m15">ROundTripDomesticFlightSerach</a></td><td rowspan="1">1712736562403</td><td rowspan="1">10013</td></tr></tbody>
</table>
<h2>GoibiboChromeBrowserTest</h2><h3 id="m0">Ameer.GoibiboPrjPOMTests.Goibibo_TC02#LoginWithValidCred</h3><table class="result"><tr><th>Messages</th></tr><tr><td><div class="messages">Test Case Failed while execution hence takeing Sceenshoot</div></td></tr><tr><th>Exception</th></tr><tr><td><div class="stacktrace">org.openqa.selenium.TimeoutException: Expected condition failed: waiting for visibility of element located by By.xpath: //div//p[@class=&quot;successMsg__subTitle&quot;] (tried for 25 second(s) with 500 milliseconds interval)
Build info: version: &apos;4.15.0&apos;, revision: &apos;1d14b5521b&apos;
System info: os.name: &apos;Windows 11&apos;, os.arch: &apos;amd64&apos;, os.version: &apos;10.0&apos;, java.version: &apos;17.0.8&apos;
Driver info: org.openqa.selenium.chrome.ChromeDriver
Capabilities {acceptInsecureCerts: false, browserName: chrome, browserVersion: 123.0.6312.86, chrome: {chromedriverVersion: 123.0.6312.105 (399174dbe6e..., userDataDir: C:\Users\ameer\AppData\Loca...}, fedcm:accounts: true, goog:chromeOptions: {debuggerAddress: localhost:52432}, networkConnectionEnabled: false, pageLoadStrategy: normal, platformName: windows, proxy: Proxy(), se:cdp: ws://localhost:52432/devtoo..., se:cdpVersion: 123.0.6312.86, setWindowRect: true, strictFileInteractability: false, timeouts: {implicit: 0, pageLoad: 300000, script: 30000}, unhandledPromptBehavior: dismiss and notify, webauthn:extension:credBlob: true, webauthn:extension:largeBlob: true, webauthn:extension:minPinLength: true, webauthn:extension:prf: true, webauthn:virtualAuthenticators: true}
Session ID: 42fa69e695b1d6125b06f87ebed85986
	at org.openqa.selenium.support.ui.WebDriverWait.timeoutException(WebDriverWait.java:84)
	at org.openqa.selenium.support.ui.FluentWait.until(FluentWait.java:229)
	at Ameer.GoibiboPrjPOMPages.GoibiboRegisterPage.VerifyLoginSuccessful(GoibiboRegisterPage.java:35)
	at Ameer.GoibiboPrjPOMTests.Goibibo_TC02.LoginWithValidCred(Goibibo_TC02.java:26)
	at java.base/java.util.ArrayList.forEach(ArrayList.java:1511)
... Removed 27 stack frames</div></td></tr></table><p class="totop"><a href="#summary">back to summary</a></p>
<h3 id="m1">Ameer.GoibiboPrjPOMTests.Goibibo_TC08#SelExtraOptluggageLegroomFood</h3><table class="result"><tr><th>Messages</th></tr><tr><td><div class="messages">Test Case Failed while execution hence takeing Sceenshoot</div></td></tr><tr><th>Exception</th></tr><tr><td><div class="stacktrace">java.lang.AssertionError: expected [Document ID Number is mandatory] but found [Sorry, Air India allows minimum 2 characters in the Last Name field.]
	at Ameer.GoibiboPrjPOMPages.TC08SrcPage.EnterDocID(TC08SrcPage.java:150)
	at Ameer.GoibiboPrjPOMTests.Goibibo_TC08.SelExtraOptluggageLegroomFood(Goibibo_TC08.java:57)
	at java.base/java.util.ArrayList.forEach(ArrayList.java:1511)
... Removed 33 stack frames</div></td></tr></table><p class="totop"><a href="#summary">back to summary</a></p>
<h3 id="m2">Ameer.GoibiboPrjPOMTests.Goibibo_TC09#MultiplePassengerBooking</h3><table class="result"><tr><th>Messages</th></tr><tr><td><div class="messages">Test Case Failed while execution hence takeing Sceenshoot</div></td></tr><tr><th>Exception</th></tr><tr><td><div class="stacktrace">org.openqa.selenium.NoSuchElementException: no such element: Unable to locate element: {&quot;method&quot;:&quot;xpath&quot;,&quot;selector&quot;:&quot;//div//button[text()=&quot;That’s Correct&quot;]&quot;}
  (Session info: chrome=123.0.6312.86)
For documentation on this error, please visit: https://www.selenium.dev/documentation/webdriver/troubleshooting/errors#no-such-element-exception
Build info: version: &apos;4.15.0&apos;, revision: &apos;1d14b5521b&apos;
System info: os.name: &apos;Windows 11&apos;, os.arch: &apos;amd64&apos;, os.version: &apos;10.0&apos;, java.version: &apos;17.0.8&apos;
Driver info: org.openqa.selenium.chrome.ChromeDriver
Command: [5eb6e339c1fb710cc273c450ebc6b60f, findElement {using=xpath, value=//div//button[text()=&quot;That’s Correct&quot;]}]
Capabilities {acceptInsecureCerts: false, browserName: chrome, browserVersion: 123.0.6312.86, chrome: {chromedriverVersion: 123.0.6312.105 (399174dbe6e..., userDataDir: C:\Users\ameer\AppData\Loca...}, fedcm:accounts: true, goog:chromeOptions: {debuggerAddress: localhost:53066}, networkConnectionEnabled: false, pageLoadStrategy: normal, platformName: windows, proxy: Proxy(), se:cdp: ws://localhost:53066/devtoo..., se:cdpVersion: 123.0.6312.86, setWindowRect: true, strictFileInteractability: false, timeouts: {implicit: 0, pageLoad: 300000, script: 30000}, unhandledPromptBehavior: dismiss and notify, webauthn:extension:credBlob: true, webauthn:extension:largeBlob: true, webauthn:extension:minPinLength: true, webauthn:extension:prf: true, webauthn:virtualAuthenticators: true}
Session ID: 5eb6e339c1fb710cc273c450ebc6b60f
	at org.openqa.selenium.remote.codec.w3c.W3CHttpResponseCodec.createException(W3CHttpResponseCodec.java:200)
	at org.openqa.selenium.remote.codec.w3c.W3CHttpResponseCodec.decode(W3CHttpResponseCodec.java:133)
	at org.openqa.selenium.remote.codec.w3c.W3CHttpResponseCodec.decode(W3CHttpResponseCodec.java:52)
	at org.openqa.selenium.remote.HttpCommandExecutor.execute(HttpCommandExecutor.java:191)
	at org.openqa.selenium.remote.service.DriverCommandExecutor.invokeExecute(DriverCommandExecutor.java:200)
	at org.openqa.selenium.remote.service.DriverCommandExecutor.execute(DriverCommandExecutor.java:175)
	at org.openqa.selenium.remote.RemoteWebDriver.execute(RemoteWebDriver.java:607)
	at org.openqa.selenium.remote.ElementLocation$ElementFinder$2.findElement(ElementLocation.java:165)
	at org.openqa.selenium.remote.ElementLocation.findElement(ElementLocation.java:59)
	at org.openqa.selenium.remote.RemoteWebDriver.findElement(RemoteWebDriver.java:364)
	at org.openqa.selenium.remote.RemoteWebDriver.findElement(RemoteWebDriver.java:358)
	at org.openqa.selenium.support.pagefactory.DefaultElementLocator.findElement(DefaultElementLocator.java:68)
	at org.openqa.selenium.support.pagefactory.internal.LocatingElementHandler.invoke(LocatingElementHandler.java:38)
	at jdk.proxy2/jdk.proxy2.$Proxy13.click(Unknown Source)
	at Ameer.GoibiboPrjPOMPages.TC08SrcPage.ClickOnReviewConfirmBtn(TC08SrcPage.java:110)
	at Ameer.GoibiboPrjPOMTests.Goibibo_TC09.MultiplePassengerBooking(Goibibo_TC09.java:63)
	at java.base/java.util.ArrayList.forEach(ArrayList.java:1511)
... Removed 32 stack frames</div></td></tr></table><p class="totop"><a href="#summary">back to summary</a></p>
<h3 id="m3">Ameer.GoibiboPrjPOMTests.Goibibo_TC10#VerifyFareBaggageCancelRule</h3><table class="result"><tr><th>Messages</th></tr><tr><td><div class="messages">Test Case Failed while execution hence takeing Sceenshoot</div></td></tr><tr><th>Exception</th></tr><tr><td><div class="stacktrace">org.openqa.selenium.NoSuchElementException: no such element: Unable to locate element: {&quot;method&quot;:&quot;xpath&quot;,&quot;selector&quot;:&quot;//select[@class=&quot;common-elementsstyles__CustSelectTrvl-sc-ilw4bs-9 lpjPee width100&quot;]&quot;}
  (Session info: chrome=123.0.6312.86)
For documentation on this error, please visit: https://www.selenium.dev/documentation/webdriver/troubleshooting/errors#no-such-element-exception
Build info: version: &apos;4.15.0&apos;, revision: &apos;1d14b5521b&apos;
System info: os.name: &apos;Windows 11&apos;, os.arch: &apos;amd64&apos;, os.version: &apos;10.0&apos;, java.version: &apos;17.0.8&apos;
Driver info: org.openqa.selenium.chrome.ChromeDriver
Command: [edbe74ab2a3988feda5f93a5a6c0b8b3, findElement {using=xpath, value=//select[@class=&quot;common-elementsstyles__CustSelectTrvl-sc-ilw4bs-9 lpjPee width100&quot;]}]
Capabilities {acceptInsecureCerts: false, browserName: chrome, browserVersion: 123.0.6312.86, chrome: {chromedriverVersion: 123.0.6312.105 (399174dbe6e..., userDataDir: C:\Users\ameer\AppData\Loca...}, fedcm:accounts: true, goog:chromeOptions: {debuggerAddress: localhost:53286}, networkConnectionEnabled: false, pageLoadStrategy: normal, platformName: windows, proxy: Proxy(), se:cdp: ws://localhost:53286/devtoo..., se:cdpVersion: 123.0.6312.86, setWindowRect: true, strictFileInteractability: false, timeouts: {implicit: 0, pageLoad: 300000, script: 30000}, unhandledPromptBehavior: dismiss and notify, webauthn:extension:credBlob: true, webauthn:extension:largeBlob: true, webauthn:extension:minPinLength: true, webauthn:extension:prf: true, webauthn:virtualAuthenticators: true}
Session ID: edbe74ab2a3988feda5f93a5a6c0b8b3
	at org.openqa.selenium.remote.codec.w3c.W3CHttpResponseCodec.createException(W3CHttpResponseCodec.java:200)
	at org.openqa.selenium.remote.codec.w3c.W3CHttpResponseCodec.decode(W3CHttpResponseCodec.java:133)
	at org.openqa.selenium.remote.codec.w3c.W3CHttpResponseCodec.decode(W3CHttpResponseCodec.java:52)
	at org.openqa.selenium.remote.HttpCommandExecutor.execute(HttpCommandExecutor.java:191)
	at org.openqa.selenium.remote.service.DriverCommandExecutor.invokeExecute(DriverCommandExecutor.java:200)
	at org.openqa.selenium.remote.service.DriverCommandExecutor.execute(DriverCommandExecutor.java:175)
	at org.openqa.selenium.remote.RemoteWebDriver.execute(RemoteWebDriver.java:607)
	at org.openqa.selenium.remote.ElementLocation$ElementFinder$2.findElement(ElementLocation.java:165)
	at org.openqa.selenium.remote.ElementLocation.findElement(ElementLocation.java:59)
	at org.openqa.selenium.remote.RemoteWebDriver.findElement(RemoteWebDriver.java:364)
	at org.openqa.selenium.remote.RemoteWebDriver.findElement(RemoteWebDriver.java:358)
	at org.openqa.selenium.support.pagefactory.DefaultElementLocator.findElement(DefaultElementLocator.java:68)
	at org.openqa.selenium.support.pagefactory.internal.LocatingElementHandler.invoke(LocatingElementHandler.java:38)
	at jdk.proxy2/jdk.proxy2.$Proxy13.getTagName(Unknown Source)
	at org.openqa.selenium.support.ui.Select.&lt;init&gt;(Select.java:43)
	at Ameer.GoibiboPrjPOMPages.TC08SrcPage.SelectDocType(TC08SrcPage.java:159)
	at Ameer.GoibiboPrjPOMTests.Goibibo_TC10.VerifyFareBaggageCancelRule(Goibibo_TC10.java:61)
	at java.base/java.util.ArrayList.forEach(ArrayList.java:1511)
... Removed 32 stack frames</div></td></tr></table><p class="totop"><a href="#summary">back to summary</a></p>
<h3 id="m4">Ameer.GoibiboPrjPOMTests.Goibibo_TC12#LoginSerchFlightLogOut</h3><table class="result"><tr><th>Messages</th></tr><tr><td><div class="messages">Test Case Failed while execution hence takeing Sceenshoot</div></td></tr><tr><th>Exception</th></tr><tr><td><div class="stacktrace">org.openqa.selenium.TimeoutException: Expected condition failed: waiting for visibility of element located by By.xpath: //div//p[@class=&quot;successMsg__subTitle&quot;] (tried for 25 second(s) with 500 milliseconds interval)
Build info: version: &apos;4.15.0&apos;, revision: &apos;1d14b5521b&apos;
System info: os.name: &apos;Windows 11&apos;, os.arch: &apos;amd64&apos;, os.version: &apos;10.0&apos;, java.version: &apos;17.0.8&apos;
Driver info: org.openqa.selenium.chrome.ChromeDriver
Capabilities {acceptInsecureCerts: false, browserName: chrome, browserVersion: 123.0.6312.86, chrome: {chromedriverVersion: 123.0.6312.105 (399174dbe6e..., userDataDir: C:\Users\ameer\AppData\Loca...}, fedcm:accounts: true, goog:chromeOptions: {debuggerAddress: localhost:53692}, networkConnectionEnabled: false, pageLoadStrategy: normal, platformName: windows, proxy: Proxy(), se:cdp: ws://localhost:53692/devtoo..., se:cdpVersion: 123.0.6312.86, setWindowRect: true, strictFileInteractability: false, timeouts: {implicit: 0, pageLoad: 300000, script: 30000}, unhandledPromptBehavior: dismiss and notify, webauthn:extension:credBlob: true, webauthn:extension:largeBlob: true, webauthn:extension:minPinLength: true, webauthn:extension:prf: true, webauthn:virtualAuthenticators: true}
Session ID: 65bca3f27db4b39940ad3462471448b1
	at org.openqa.selenium.support.ui.WebDriverWait.timeoutException(WebDriverWait.java:84)
	at org.openqa.selenium.support.ui.FluentWait.until(FluentWait.java:229)
	at Ameer.GoibiboPrjPOMPages.GoibiboRegisterPage.VerifyLoginSuccessful(GoibiboRegisterPage.java:35)
	at Ameer.GoibiboPrjPOMTests.Goibibo_TC12.LoginSerchFlightLogOut(Goibibo_TC12.java:33)
	at java.base/java.util.ArrayList.forEach(ArrayList.java:1511)
... Removed 27 stack frames</div></td></tr></table><p class="totop"><a href="#summary">back to summary</a></p>
<h3 id="m5">Ameer.GoibiboPrjPOMTests.Goibibo_TC13#VerifyApplyCouponCode</h3><table class="result"><tr><th>Messages</th></tr><tr><td><div class="messages">Test Case Failed while execution hence takeing Sceenshoot</div></td></tr><tr><th>Exception</th></tr><tr><td><div class="stacktrace">org.openqa.selenium.TimeoutException: Expected condition failed: waiting for visibility of element located by By.xpath: //div//p[@class=&quot;successMsg__subTitle&quot;] (tried for 25 second(s) with 500 milliseconds interval)
Build info: version: &apos;4.15.0&apos;, revision: &apos;1d14b5521b&apos;
System info: os.name: &apos;Windows 11&apos;, os.arch: &apos;amd64&apos;, os.version: &apos;10.0&apos;, java.version: &apos;17.0.8&apos;
Driver info: org.openqa.selenium.chrome.ChromeDriver
Capabilities {acceptInsecureCerts: false, browserName: chrome, browserVersion: 123.0.6312.86, chrome: {chromedriverVersion: 123.0.6312.105 (399174dbe6e..., userDataDir: C:\Users\ameer\AppData\Loca...}, fedcm:accounts: true, goog:chromeOptions: {debuggerAddress: localhost:53894}, networkConnectionEnabled: false, pageLoadStrategy: normal, platformName: windows, proxy: Proxy(), se:cdp: ws://localhost:53894/devtoo..., se:cdpVersion: 123.0.6312.86, setWindowRect: true, strictFileInteractability: false, timeouts: {implicit: 0, pageLoad: 300000, script: 30000}, unhandledPromptBehavior: dismiss and notify, webauthn:extension:credBlob: true, webauthn:extension:largeBlob: true, webauthn:extension:minPinLength: true, webauthn:extension:prf: true, webauthn:virtualAuthenticators: true}
Session ID: 38a665dca626c6d4b9d57960714435a2
	at org.openqa.selenium.support.ui.WebDriverWait.timeoutException(WebDriverWait.java:84)
	at org.openqa.selenium.support.ui.FluentWait.until(FluentWait.java:229)
	at Ameer.GoibiboPrjPOMPages.GoibiboRegisterPage.VerifyLoginSuccessful(GoibiboRegisterPage.java:35)
	at Ameer.GoibiboPrjPOMTests.Goibibo_TC13.VerifyApplyCouponCode(Goibibo_TC13.java:34)
	at java.base/java.util.ArrayList.forEach(ArrayList.java:1511)
... Removed 27 stack frames</div></td></tr></table><p class="totop"><a href="#summary">back to summary</a></p>
<h3 id="m6">Ameer.GoibiboPrjPOMTests.Goibibo_TC15#BookFlightandDoPayment</h3><table class="result"><tr><th>Messages</th></tr><tr><td><div class="messages">Test Case Failed while execution hence takeing Sceenshoot</div></td></tr><tr><th>Exception</th></tr><tr><td><div class="stacktrace">org.openqa.selenium.ElementClickInterceptedException: element click intercepted: Element &lt;div class=&quot;traveller-detailsstyles__TravellerHdWrap-sc-1xqbced-7 fLJJka&quot;&gt;...&lt;/div&gt; is not clickable at point (595, 505). Other element would receive the click: &lt;div class=&quot;dweb-commonstyles__ModalWindow-sc-13fxsy5-8 dhGqqR modalVisible&quot;&gt;...&lt;/div&gt;
  (Session info: chrome=123.0.6312.86)
Build info: version: &apos;4.15.0&apos;, revision: &apos;1d14b5521b&apos;
System info: os.name: &apos;Windows 11&apos;, os.arch: &apos;amd64&apos;, os.version: &apos;10.0&apos;, java.version: &apos;17.0.8&apos;
Driver info: org.openqa.selenium.chrome.ChromeDriver
Command: [499dfbfab3c797fea9843de4e376fd63, clickElement {id=f.3F1275DD127DB6ED86DE15B82461511F.d.8CC9B47A80BFB0A69B8E39487044B218.e.752}]
Capabilities {acceptInsecureCerts: false, browserName: chrome, browserVersion: 123.0.6312.86, chrome: {chromedriverVersion: 123.0.6312.105 (399174dbe6e..., userDataDir: C:\Users\ameer\AppData\Loca...}, fedcm:accounts: true, goog:chromeOptions: {debuggerAddress: localhost:54037}, networkConnectionEnabled: false, pageLoadStrategy: normal, platformName: windows, proxy: Proxy(), se:cdp: ws://localhost:54037/devtoo..., se:cdpVersion: 123.0.6312.86, setWindowRect: true, strictFileInteractability: false, timeouts: {implicit: 0, pageLoad: 300000, script: 30000}, unhandledPromptBehavior: dismiss and notify, webauthn:extension:credBlob: true, webauthn:extension:largeBlob: true, webauthn:extension:minPinLength: true, webauthn:extension:prf: true, webauthn:virtualAuthenticators: true}
Element: [[ChromeDriver: chrome on windows (499dfbfab3c797fea9843de4e376fd63)] -&gt; xpath: (//div[@class=&quot;traveller-detailsstyles__TravellerHdWrap-sc-1xqbced-7 fLJJka&quot;])[3]]
Session ID: 499dfbfab3c797fea9843de4e376fd63
	at org.openqa.selenium.remote.codec.w3c.W3CHttpResponseCodec.createException(W3CHttpResponseCodec.java:200)
	at org.openqa.selenium.remote.codec.w3c.W3CHttpResponseCodec.decode(W3CHttpResponseCodec.java:133)
	at org.openqa.selenium.remote.codec.w3c.W3CHttpResponseCodec.decode(W3CHttpResponseCodec.java:52)
	at org.openqa.selenium.remote.HttpCommandExecutor.execute(HttpCommandExecutor.java:191)
	at org.openqa.selenium.remote.service.DriverCommandExecutor.invokeExecute(DriverCommandExecutor.java:200)
	at org.openqa.selenium.remote.service.DriverCommandExecutor.execute(DriverCommandExecutor.java:175)
	at org.openqa.selenium.remote.RemoteWebDriver.execute(RemoteWebDriver.java:607)
	at org.openqa.selenium.remote.RemoteWebElement.execute(RemoteWebElement.java:224)
	at org.openqa.selenium.remote.RemoteWebElement.click(RemoteWebElement.java:77)
	at org.openqa.selenium.support.pagefactory.internal.LocatingElementHandler.invoke(LocatingElementHandler.java:51)
	at jdk.proxy2/jdk.proxy2.$Proxy13.click(Unknown Source)
	at Ameer.GoibiboPrjPOMPages.MultiPassengerBookingTC09Page.SelAdult3(MultiPassengerBookingTC09Page.java:115)
	at Ameer.GoibiboPrjPOMTests.Goibibo_TC15.BookFlightandDoPayment(Goibibo_TC15.java:57)
	at java.base/java.util.ArrayList.forEach(ArrayList.java:1511)
... Removed 35 stack frames</div></td></tr></table><p class="totop"><a href="#summary">back to summary</a></p>
<h3 id="m7">Ameer.GoibiboPrjPOMTests.Goibibo_TC01#RegisterNewAccount</h3><table class="result"><tr><th>Messages</th></tr><tr><td><div class="messages">Test Case Success while execution hence takeing Sceenshoot</div></td></tr></table><p class="totop"><a href="#summary">back to summary</a></p>
<h3 id="m8">Ameer.GoibiboPrjPOMTests.Goibibo_TC02#LoginWithValidCred</h3><table class="result"><tr><th>Messages</th></tr><tr><td><div class="messages">Test Case Success while execution hence takeing Sceenshoot</div></td></tr></table><p class="totop"><a href="#summary">back to summary</a></p>
<h3 id="m9">Ameer.GoibiboPrjPOMTests.Goibibo_TC03#LoginWithInvalidCred</h3><table class="result"><tr><th>Messages</th></tr><tr><td><div class="messages">Test Case Success while execution hence takeing Sceenshoot</div></td></tr></table><p class="totop"><a href="#summary">back to summary</a></p>
<h3 id="m10">Ameer.GoibiboPrjPOMTests.Goibibo_TC04#SearchOneWayFlight</h3><table class="result"><tr><th>Messages</th></tr><tr><td><div class="messages">Test Case Success while execution hence takeing Sceenshoot</div></td></tr></table><p class="totop"><a href="#summary">back to summary</a></p>
<h3 id="m11">Ameer.GoibiboPrjPOMTests.Goibibo_TC05#SearchTwoWayFlight</h3><table class="result"><tr><th>Messages</th></tr><tr><td><div class="messages">Test Case Success while execution hence takeing Sceenshoot</div></td></tr></table><p class="totop"><a href="#summary">back to summary</a></p>
<h3 id="m12">Ameer.GoibiboPrjPOMTests.Goibibo_TC06#FlightSearchBussinessClass</h3><table class="result"><tr><th>Messages</th></tr><tr><td><div class="messages">Test Case Success while execution hence takeing Sceenshoot</div></td></tr></table><p class="totop"><a href="#summary">back to summary</a></p>
<h3 id="m13">Ameer.GoibiboPrjPOMTests.Goibibo_TC07#MultiCityFlightSearch</h3><table class="result"><tr><th>Messages</th></tr><tr><td><div class="messages">Test Case Success while execution hence takeing Sceenshoot</div></td></tr></table><p class="totop"><a href="#summary">back to summary</a></p>
<h3 id="m14">Ameer.GoibiboPrjPOMTests.Goibibo_TC11#VerifySearchPageFieledsarePresent</h3><table class="result"><tr><th>Messages</th></tr><tr><td><div class="messages">Test Case Success while execution hence takeing Sceenshoot</div></td></tr></table><p class="totop"><a href="#summary">back to summary</a></p>
<h3 id="m15">Ameer.GoibiboPrjPOMTests.Goibibo_TC14#ROundTripDomesticFlightSerach</h3><table class="result"><tr><th>Messages</th></tr><tr><td><div class="messages">Test Case Success while execution hence takeing Sceenshoot</div></td></tr></table><p class="totop"><a href="#summary">back to summary</a></p>
</body>
</html>
