<?xml version="1.0" encoding="UTF-8"?>
<testng-results ignored="0" total="16" passed="9" failed="7" skipped="0">
  <reporter-output>
    <line>
      <![CDATA[Test Case Success while execution hence takeing Sceenshoot]]>
    </line>
    <line>
      <![CDATA[Test Case Success while execution hence takeing Sceenshoot]]>
    </line>
    <line>
      <![CDATA[Test Case Failed while execution hence takeing Sceenshoot]]>
    </line>
    <line>
      <![CDATA[Test Case Success while execution hence takeing Sceenshoot]]>
    </line>
    <line>
      <![CDATA[Test Case Success while execution hence takeing Sceenshoot]]>
    </line>
    <line>
      <![CDATA[Test Case Success while execution hence takeing Sceenshoot]]>
    </line>
    <line>
      <![CDATA[Test Case Success while execution hence takeing Sceenshoot]]>
    </line>
    <line>
      <![CDATA[Test Case Success while execution hence takeing Sceenshoot]]>
    </line>
    <line>
      <![CDATA[Test Case Failed while execution hence takeing Sceenshoot]]>
    </line>
    <line>
      <![CDATA[Test Case Failed while execution hence takeing Sceenshoot]]>
    </line>
    <line>
      <![CDATA[Test Case Failed while execution hence takeing Sceenshoot]]>
    </line>
    <line>
      <![CDATA[Test Case Success while execution hence takeing Sceenshoot]]>
    </line>
    <line>
      <![CDATA[Test Case Failed while execution hence takeing Sceenshoot]]>
    </line>
    <line>
      <![CDATA[Test Case Failed while execution hence takeing Sceenshoot]]>
    </line>
    <line>
      <![CDATA[Test Case Success while execution hence takeing Sceenshoot]]>
    </line>
    <line>
      <![CDATA[Test Case Failed while execution hence takeing Sceenshoot]]>
    </line>
  </reporter-output>
  <suite started-at="2024-04-10T13:29:57 IST" name="GoibiboOneByOne" finished-at="2024-04-10T13:40:39 IST" duration-ms="642159">
    <groups>
      <group name="Integration">
        <method signature="Goibibo_TC04.SearchOneWayFlight()[pri:0, instance:Ameer.GoibiboPrjPOMTests.Goibibo_TC04@1807e3f6]" name="SearchOneWayFlight" class="Ameer.GoibiboPrjPOMTests.Goibibo_TC04"/>
        <method signature="Goibibo_TC09.MultiplePassengerBooking()[pri:0, instance:Ameer.GoibiboPrjPOMTests.Goibibo_TC09@72c8e7b]" name="MultiplePassengerBooking" class="Ameer.GoibiboPrjPOMTests.Goibibo_TC09"/>
      </group> <!-- Integration -->
      <group name="Regression">
        <method signature="Goibibo_TC08.SelExtraOptluggageLegroomFood()[pri:0, instance:Ameer.GoibiboPrjPOMTests.Goibibo_TC08@26abb146]" name="SelExtraOptluggageLegroomFood" class="Ameer.GoibiboPrjPOMTests.Goibibo_TC08"/>
        <method signature="Goibibo_TC09.MultiplePassengerBooking()[pri:0, instance:Ameer.GoibiboPrjPOMTests.Goibibo_TC09@72c8e7b]" name="MultiplePassengerBooking" class="Ameer.GoibiboPrjPOMTests.Goibibo_TC09"/>
      </group> <!-- Regression -->
      <group name="Smoke">
        <method signature="Goibibo_TC03.LoginWithInvalidCred()[pri:0, instance:Ameer.GoibiboPrjPOMTests.Goibibo_TC03@55cb6996]" name="LoginWithInvalidCred" class="Ameer.GoibiboPrjPOMTests.Goibibo_TC03"/>
        <method signature="Goibibo_TC05.SearchTwoWayFlight()[pri:0, instance:Ameer.GoibiboPrjPOMTests.Goibibo_TC05@480d3575]" name="SearchTwoWayFlight" class="Ameer.GoibiboPrjPOMTests.Goibibo_TC05"/>
        <method signature="Goibibo_TC06.FlightSearchBussinessClass()[pri:0, instance:Ameer.GoibiboPrjPOMTests.Goibibo_TC06@f1da57d]" name="FlightSearchBussinessClass" class="Ameer.GoibiboPrjPOMTests.Goibibo_TC06"/>
        <method signature="Goibibo_TC07.MultiCityFlightSearch()[pri:0, instance:Ameer.GoibiboPrjPOMTests.Goibibo_TC07@194fad1]" name="MultiCityFlightSearch" class="Ameer.GoibiboPrjPOMTests.Goibibo_TC07"/>
        <method signature="Goibibo_TC08.SelExtraOptluggageLegroomFood()[pri:0, instance:Ameer.GoibiboPrjPOMTests.Goibibo_TC08@26abb146]" name="SelExtraOptluggageLegroomFood" class="Ameer.GoibiboPrjPOMTests.Goibibo_TC08"/>
        <method signature="Goibibo_TC09.MultiplePassengerBooking()[pri:0, instance:Ameer.GoibiboPrjPOMTests.Goibibo_TC09@72c8e7b]" name="MultiplePassengerBooking" class="Ameer.GoibiboPrjPOMTests.Goibibo_TC09"/>
        <method signature="Goibibo_TC11.VerifySearchPageFieledsarePresent()[pri:0, instance:Ameer.GoibiboPrjPOMTests.Goibibo_TC11@431cd9b2]" name="VerifySearchPageFieledsarePresent" class="Ameer.GoibiboPrjPOMTests.Goibibo_TC11"/>
        <method signature="Goibibo_TC14.ROundTripDomesticFlightSerach()[pri:0, instance:Ameer.GoibiboPrjPOMTests.Goibibo_TC14@790da477]" name="ROundTripDomesticFlightSerach" class="Ameer.GoibiboPrjPOMTests.Goibibo_TC14"/>
        <method signature="Goibibo_TC02.LoginWithValidCred()[pri:2, instance:Ameer.GoibiboPrjPOMTests.Goibibo_TC02@48e1f6c7]" name="LoginWithValidCred" class="Ameer.GoibiboPrjPOMTests.Goibibo_TC02"/>
      </group> <!-- Smoke -->
      <group name="System">
        <method signature="Goibibo_TC01.RegisterNewAccount()[pri:0, instance:Ameer.GoibiboPrjPOMTests.Goibibo_TC01@1972e513]" name="RegisterNewAccount" class="Ameer.GoibiboPrjPOMTests.Goibibo_TC01"/>
        <method signature="Goibibo_TC03.LoginWithInvalidCred()[pri:0, instance:Ameer.GoibiboPrjPOMTests.Goibibo_TC03@55cb6996]" name="LoginWithInvalidCred" class="Ameer.GoibiboPrjPOMTests.Goibibo_TC03"/>
        <method signature="Goibibo_TC07.MultiCityFlightSearch()[pri:0, instance:Ameer.GoibiboPrjPOMTests.Goibibo_TC07@194fad1]" name="MultiCityFlightSearch" class="Ameer.GoibiboPrjPOMTests.Goibibo_TC07"/>
        <method signature="Goibibo_TC08.SelExtraOptluggageLegroomFood()[pri:0, instance:Ameer.GoibiboPrjPOMTests.Goibibo_TC08@26abb146]" name="SelExtraOptluggageLegroomFood" class="Ameer.GoibiboPrjPOMTests.Goibibo_TC08"/>
        <method signature="Goibibo_TC09.MultiplePassengerBooking()[pri:0, instance:Ameer.GoibiboPrjPOMTests.Goibibo_TC09@72c8e7b]" name="MultiplePassengerBooking" class="Ameer.GoibiboPrjPOMTests.Goibibo_TC09"/>
        <method signature="Goibibo_TC02.LoginWithValidCred()[pri:2, instance:Ameer.GoibiboPrjPOMTests.Goibibo_TC02@48e1f6c7]" name="LoginWithValidCred" class="Ameer.GoibiboPrjPOMTests.Goibibo_TC02"/>
      </group> <!-- System -->
    </groups>
    <test started-at="2024-04-10T13:29:57 IST" name="GoibiboChromeBrowserTest" finished-at="2024-04-10T13:40:39 IST" duration-ms="642159">
      <class name="Ameer.GoibiboPrjPOMTests.Goibibo_TC09">
        <test-method is-config="true" signature="launchGoibibo(java.lang.String)[pri:0, instance:Ameer.GoibiboPrjPOMTests.Goibibo_TC09@72c8e7b]" started-at="2024-04-10T13:34:19 IST" name="launchGoibibo" finished-at="2024-04-10T13:34:50 IST" duration-ms="30644" status="PASS">
          <params>
            <param index="0">
              <value>
                <![CDATA[Chrome]]>
              </value>
            </param>
          </params>
          <reporter-output>
          </reporter-output>
        </test-method> <!-- launchGoibibo -->
        <test-method signature="MultiplePassengerBooking()[pri:0, instance:Ameer.GoibiboPrjPOMTests.Goibibo_TC09@72c8e7b]" started-at="2024-04-10T13:34:50 IST" name="MultiplePassengerBooking" finished-at="2024-04-10T13:35:28 IST" duration-ms="38313" status="FAIL">
          <exception class="org.openqa.selenium.NoSuchElementException">
            <message>
              <![CDATA[no such element: Unable to locate element: {"method":"xpath","selector":"//div//button[text()="That’s Correct"]"}
  (Session info: chrome=123.0.6312.86)
For documentation on this error, please visit: https://www.selenium.dev/documentation/webdriver/troubleshooting/errors#no-such-element-exception
Build info: version: '4.15.0', revision: '1d14b5521b'
System info: os.name: 'Windows 11', os.arch: 'amd64', os.version: '10.0', java.version: '17.0.8'
Driver info: org.openqa.selenium.chrome.ChromeDriver
Command: [5eb6e339c1fb710cc273c450ebc6b60f, findElement {using=xpath, value=//div//button[text()="That’s Correct"]}]
Capabilities {acceptInsecureCerts: false, browserName: chrome, browserVersion: 123.0.6312.86, chrome: {chromedriverVersion: 123.0.6312.105 (399174dbe6e..., userDataDir: C:\Users\ameer\AppData\Loca...}, fedcm:accounts: true, goog:chromeOptions: {debuggerAddress: localhost:53066}, networkConnectionEnabled: false, pageLoadStrategy: normal, platformName: windows, proxy: Proxy(), se:cdp: ws://localhost:53066/devtoo..., se:cdpVersion: 123.0.6312.86, setWindowRect: true, strictFileInteractability: false, timeouts: {implicit: 0, pageLoad: 300000, script: 30000}, unhandledPromptBehavior: dismiss and notify, webauthn:extension:credBlob: true, webauthn:extension:largeBlob: true, webauthn:extension:minPinLength: true, webauthn:extension:prf: true, webauthn:virtualAuthenticators: true}
Session ID: 5eb6e339c1fb710cc273c450ebc6b60f]]>
            </message>
            <full-stacktrace>
              <![CDATA[org.openqa.selenium.NoSuchElementException: no such element: Unable to locate element: {"method":"xpath","selector":"//div//button[text()="That’s Correct"]"}
  (Session info: chrome=123.0.6312.86)
For documentation on this error, please visit: https://www.selenium.dev/documentation/webdriver/troubleshooting/errors#no-such-element-exception
Build info: version: '4.15.0', revision: '1d14b5521b'
System info: os.name: 'Windows 11', os.arch: 'amd64', os.version: '10.0', java.version: '17.0.8'
Driver info: org.openqa.selenium.chrome.ChromeDriver
Command: [5eb6e339c1fb710cc273c450ebc6b60f, findElement {using=xpath, value=//div//button[text()="That’s Correct"]}]
Capabilities {acceptInsecureCerts: false, browserName: chrome, browserVersion: 123.0.6312.86, chrome: {chromedriverVersion: 123.0.6312.105 (399174dbe6e..., userDataDir: C:\Users\ameer\AppData\Loca...}, fedcm:accounts: true, goog:chromeOptions: {debuggerAddress: localhost:53066}, networkConnectionEnabled: false, pageLoadStrategy: normal, platformName: windows, proxy: Proxy(), se:cdp: ws://localhost:53066/devtoo..., se:cdpVersion: 123.0.6312.86, setWindowRect: true, strictFileInteractability: false, timeouts: {implicit: 0, pageLoad: 300000, script: 30000}, unhandledPromptBehavior: dismiss and notify, webauthn:extension:credBlob: true, webauthn:extension:largeBlob: true, webauthn:extension:minPinLength: true, webauthn:extension:prf: true, webauthn:virtualAuthenticators: true}
Session ID: 5eb6e339c1fb710cc273c450ebc6b60f
at java.base/jdk.internal.reflect.NativeConstructorAccessorImpl.newInstance0(Native Method)
at java.base/jdk.internal.reflect.NativeConstructorAccessorImpl.newInstance(NativeConstructorAccessorImpl.java:77)
at java.base/jdk.internal.reflect.DelegatingConstructorAccessorImpl.newInstance(DelegatingConstructorAccessorImpl.java:45)
at java.base/java.lang.reflect.Constructor.newInstanceWithCaller(Constructor.java:499)
at java.base/java.lang.reflect.Constructor.newInstance(Constructor.java:480)
at org.openqa.selenium.remote.codec.w3c.W3CHttpResponseCodec.createException(W3CHttpResponseCodec.java:200)
at org.openqa.selenium.remote.codec.w3c.W3CHttpResponseCodec.decode(W3CHttpResponseCodec.java:133)
at org.openqa.selenium.remote.codec.w3c.W3CHttpResponseCodec.decode(W3CHttpResponseCodec.java:52)
at org.openqa.selenium.remote.HttpCommandExecutor.execute(HttpCommandExecutor.java:191)
at org.openqa.selenium.remote.service.DriverCommandExecutor.invokeExecute(DriverCommandExecutor.java:200)
at org.openqa.selenium.remote.service.DriverCommandExecutor.execute(DriverCommandExecutor.java:175)
at org.openqa.selenium.remote.RemoteWebDriver.execute(RemoteWebDriver.java:607)
at org.openqa.selenium.remote.ElementLocation$ElementFinder$2.findElement(ElementLocation.java:165)
at org.openqa.selenium.remote.ElementLocation.findElement(ElementLocation.java:59)
at org.openqa.selenium.remote.RemoteWebDriver.findElement(RemoteWebDriver.java:364)
at org.openqa.selenium.remote.RemoteWebDriver.findElement(RemoteWebDriver.java:358)
at org.openqa.selenium.support.pagefactory.DefaultElementLocator.findElement(DefaultElementLocator.java:68)
at org.openqa.selenium.support.pagefactory.internal.LocatingElementHandler.invoke(LocatingElementHandler.java:38)
at jdk.proxy2/jdk.proxy2.$Proxy13.click(Unknown Source)
at Ameer.GoibiboPrjPOMPages.TC08SrcPage.ClickOnReviewConfirmBtn(TC08SrcPage.java:110)
at Ameer.GoibiboPrjPOMTests.Goibibo_TC09.MultiplePassengerBooking(Goibibo_TC09.java:63)
at java.base/jdk.internal.reflect.NativeMethodAccessorImpl.invoke0(Native Method)
at java.base/jdk.internal.reflect.NativeMethodAccessorImpl.invoke(NativeMethodAccessorImpl.java:77)
at java.base/jdk.internal.reflect.DelegatingMethodAccessorImpl.invoke(DelegatingMethodAccessorImpl.java:43)
at java.base/java.lang.reflect.Method.invoke(Method.java:568)
at org.testng.internal.invokers.MethodInvocationHelper.invokeMethod(MethodInvocationHelper.java:139)
at org.testng.internal.invokers.TestInvoker.invokeMethod(TestInvoker.java:664)
at org.testng.internal.invokers.TestInvoker.invokeTestMethod(TestInvoker.java:227)
at org.testng.internal.invokers.MethodRunner.runInSequence(MethodRunner.java:50)
at org.testng.internal.invokers.TestInvoker$MethodInvocationAgent.invoke(TestInvoker.java:957)
at org.testng.internal.invokers.TestInvoker.invokeTestMethods(TestInvoker.java:200)
at org.testng.internal.invokers.TestMethodWorker.invokeTestMethods(TestMethodWorker.java:148)
at org.testng.internal.invokers.TestMethodWorker.run(TestMethodWorker.java:128)
at java.base/java.util.ArrayList.forEach(ArrayList.java:1511)
at org.testng.TestRunner.privateRun(TestRunner.java:848)
at org.testng.TestRunner.run(TestRunner.java:621)
at org.testng.SuiteRunner.runTest(SuiteRunner.java:443)
at org.testng.SuiteRunner.runSequentially(SuiteRunner.java:437)
at org.testng.SuiteRunner.privateRun(SuiteRunner.java:397)
at org.testng.SuiteRunner.run(SuiteRunner.java:336)
at org.testng.SuiteRunnerWorker.runSuite(SuiteRunnerWorker.java:52)
at org.testng.SuiteRunnerWorker.run(SuiteRunnerWorker.java:95)
at org.testng.TestNG.runSuitesSequentially(TestNG.java:1280)
at org.testng.TestNG.runSuitesLocally(TestNG.java:1200)
at org.testng.TestNG.runSuites(TestNG.java:1114)
at org.testng.TestNG.run(TestNG.java:1082)
at org.testng.remote.AbstractRemoteTestNG.run(AbstractRemoteTestNG.java:115)
at org.testng.remote.RemoteTestNG.initAndRun(RemoteTestNG.java:251)
at org.testng.remote.RemoteTestNG.main(RemoteTestNG.java:77)
]]>
            </full-stacktrace>
          </exception> <!-- org.openqa.selenium.NoSuchElementException -->
          <reporter-output>
            <line>
              <![CDATA[Test Case Failed while execution hence takeing Sceenshoot]]>
            </line>
          </reporter-output>
        </test-method> <!-- MultiplePassengerBooking -->
      </class> <!-- Ameer.GoibiboPrjPOMTests.Goibibo_TC09 -->
      <class name="Ameer.GoibiboPrjPOMTests.Goibibo_TC08">
        <test-method is-config="true" signature="launchGoibibo(java.lang.String)[pri:0, instance:Ameer.GoibiboPrjPOMTests.Goibibo_TC08@26abb146]" started-at="2024-04-10T13:33:20 IST" name="launchGoibibo" finished-at="2024-04-10T13:33:36 IST" duration-ms="15990" status="PASS">
          <params>
            <param index="0">
              <value>
                <![CDATA[Chrome]]>
              </value>
            </param>
          </params>
          <reporter-output>
          </reporter-output>
        </test-method> <!-- launchGoibibo -->
        <test-method signature="SelExtraOptluggageLegroomFood()[pri:0, instance:Ameer.GoibiboPrjPOMTests.Goibibo_TC08@26abb146]" started-at="2024-04-10T13:33:36 IST" name="SelExtraOptluggageLegroomFood" finished-at="2024-04-10T13:34:18 IST" duration-ms="42041" status="FAIL">
          <exception class="java.lang.AssertionError">
            <message>
              <![CDATA[expected [Document ID Number is mandatory] but found [Sorry, Air India allows minimum 2 characters in the Last Name field.]]]>
            </message>
            <full-stacktrace>
              <![CDATA[java.lang.AssertionError: expected [Document ID Number is mandatory] but found [Sorry, Air India allows minimum 2 characters in the Last Name field.]
at org.testng.Assert.fail(Assert.java:111)
at org.testng.Assert.failNotEquals(Assert.java:1578)
at org.testng.Assert.assertEqualsImpl(Assert.java:150)
at org.testng.Assert.assertEquals(Assert.java:132)
at org.testng.Assert.assertEquals(Assert.java:656)
at org.testng.Assert.assertEquals(Assert.java:666)
at Ameer.GoibiboPrjPOMPages.TC08SrcPage.EnterDocID(TC08SrcPage.java:150)
at Ameer.GoibiboPrjPOMTests.Goibibo_TC08.SelExtraOptluggageLegroomFood(Goibibo_TC08.java:57)
at java.base/jdk.internal.reflect.NativeMethodAccessorImpl.invoke0(Native Method)
at java.base/jdk.internal.reflect.NativeMethodAccessorImpl.invoke(NativeMethodAccessorImpl.java:77)
at java.base/jdk.internal.reflect.DelegatingMethodAccessorImpl.invoke(DelegatingMethodAccessorImpl.java:43)
at java.base/java.lang.reflect.Method.invoke(Method.java:568)
at org.testng.internal.invokers.MethodInvocationHelper.invokeMethod(MethodInvocationHelper.java:139)
at org.testng.internal.invokers.TestInvoker.invokeMethod(TestInvoker.java:664)
at org.testng.internal.invokers.TestInvoker.invokeTestMethod(TestInvoker.java:227)
at org.testng.internal.invokers.MethodRunner.runInSequence(MethodRunner.java:50)
at org.testng.internal.invokers.TestInvoker$MethodInvocationAgent.invoke(TestInvoker.java:957)
at org.testng.internal.invokers.TestInvoker.invokeTestMethods(TestInvoker.java:200)
at org.testng.internal.invokers.TestMethodWorker.invokeTestMethods(TestMethodWorker.java:148)
at org.testng.internal.invokers.TestMethodWorker.run(TestMethodWorker.java:128)
at java.base/java.util.ArrayList.forEach(ArrayList.java:1511)
at org.testng.TestRunner.privateRun(TestRunner.java:848)
at org.testng.TestRunner.run(TestRunner.java:621)
at org.testng.SuiteRunner.runTest(SuiteRunner.java:443)
at org.testng.SuiteRunner.runSequentially(SuiteRunner.java:437)
at org.testng.SuiteRunner.privateRun(SuiteRunner.java:397)
at org.testng.SuiteRunner.run(SuiteRunner.java:336)
at org.testng.SuiteRunnerWorker.runSuite(SuiteRunnerWorker.java:52)
at org.testng.SuiteRunnerWorker.run(SuiteRunnerWorker.java:95)
at org.testng.TestNG.runSuitesSequentially(TestNG.java:1280)
at org.testng.TestNG.runSuitesLocally(TestNG.java:1200)
at org.testng.TestNG.runSuites(TestNG.java:1114)
at org.testng.TestNG.run(TestNG.java:1082)
at org.testng.remote.AbstractRemoteTestNG.run(AbstractRemoteTestNG.java:115)
at org.testng.remote.RemoteTestNG.initAndRun(RemoteTestNG.java:251)
at org.testng.remote.RemoteTestNG.main(RemoteTestNG.java:77)
]]>
            </full-stacktrace>
          </exception> <!-- java.lang.AssertionError -->
          <reporter-output>
            <line>
              <![CDATA[Test Case Failed while execution hence takeing Sceenshoot]]>
            </line>
          </reporter-output>
        </test-method> <!-- SelExtraOptluggageLegroomFood -->
      </class> <!-- Ameer.GoibiboPrjPOMTests.Goibibo_TC08 -->
      <class name="Ameer.GoibiboPrjPOMTests.Goibibo_TC07">
        <test-method is-config="true" signature="launchGoibibo(java.lang.String)[pri:0, instance:Ameer.GoibiboPrjPOMTests.Goibibo_TC07@194fad1]" started-at="2024-04-10T13:32:54 IST" name="launchGoibibo" finished-at="2024-04-10T13:33:04 IST" duration-ms="9977" status="PASS">
          <params>
            <param index="0">
              <value>
                <![CDATA[Chrome]]>
              </value>
            </param>
          </params>
          <reporter-output>
          </reporter-output>
        </test-method> <!-- launchGoibibo -->
        <test-method signature="MultiCityFlightSearch()[pri:0, instance:Ameer.GoibiboPrjPOMTests.Goibibo_TC07@194fad1]" started-at="2024-04-10T13:33:04 IST" name="MultiCityFlightSearch" finished-at="2024-04-10T13:33:20 IST" duration-ms="16009" status="PASS">
          <reporter-output>
            <line>
              <![CDATA[Test Case Success while execution hence takeing Sceenshoot]]>
            </line>
          </reporter-output>
        </test-method> <!-- MultiCityFlightSearch -->
      </class> <!-- Ameer.GoibiboPrjPOMTests.Goibibo_TC07 -->
      <class name="Ameer.GoibiboPrjPOMTests.Goibibo_TC06">
        <test-method is-config="true" signature="launchGoibibo(java.lang.String)[pri:0, instance:Ameer.GoibiboPrjPOMTests.Goibibo_TC06@f1da57d]" started-at="2024-04-10T13:32:21 IST" name="launchGoibibo" finished-at="2024-04-10T13:32:30 IST" duration-ms="9495" status="PASS">
          <params>
            <param index="0">
              <value>
                <![CDATA[Chrome]]>
              </value>
            </param>
          </params>
          <reporter-output>
          </reporter-output>
        </test-method> <!-- launchGoibibo -->
        <test-method signature="FlightSearchBussinessClass()[pri:0, instance:Ameer.GoibiboPrjPOMTests.Goibibo_TC06@f1da57d]" started-at="2024-04-10T13:32:30 IST" name="FlightSearchBussinessClass" finished-at="2024-04-10T13:32:53 IST" duration-ms="22829" status="PASS">
          <reporter-output>
            <line>
              <![CDATA[Test Case Success while execution hence takeing Sceenshoot]]>
            </line>
          </reporter-output>
        </test-method> <!-- FlightSearchBussinessClass -->
      </class> <!-- Ameer.GoibiboPrjPOMTests.Goibibo_TC06 -->
      <class name="Ameer.GoibiboPrjPOMTests.Goibibo_TC05">
        <test-method is-config="true" signature="launchGoibibo(java.lang.String)[pri:0, instance:Ameer.GoibiboPrjPOMTests.Goibibo_TC05@480d3575]" started-at="2024-04-10T13:32:08 IST" name="launchGoibibo" finished-at="2024-04-10T13:32:13 IST" duration-ms="5402" status="PASS">
          <params>
            <param index="0">
              <value>
                <![CDATA[Chrome]]>
              </value>
            </param>
          </params>
          <reporter-output>
          </reporter-output>
        </test-method> <!-- launchGoibibo -->
        <test-method signature="SearchTwoWayFlight()[pri:0, instance:Ameer.GoibiboPrjPOMTests.Goibibo_TC05@480d3575]" started-at="2024-04-10T13:32:13 IST" name="SearchTwoWayFlight" finished-at="2024-04-10T13:32:21 IST" duration-ms="7059" status="PASS">
          <reporter-output>
            <line>
              <![CDATA[Test Case Success while execution hence takeing Sceenshoot]]>
            </line>
          </reporter-output>
        </test-method> <!-- SearchTwoWayFlight -->
      </class> <!-- Ameer.GoibiboPrjPOMTests.Goibibo_TC05 -->
      <class name="Ameer.GoibiboPrjPOMTests.Goibibo_TC15">
        <test-method is-config="true" signature="launchGoibibo(java.lang.String)[pri:0, instance:Ameer.GoibiboPrjPOMTests.Goibibo_TC15@5c7933ad]" started-at="2024-04-10T13:39:32 IST" name="launchGoibibo" finished-at="2024-04-10T13:39:37 IST" duration-ms="4457" status="PASS">
          <params>
            <param index="0">
              <value>
                <![CDATA[Chrome]]>
              </value>
            </param>
          </params>
          <reporter-output>
          </reporter-output>
        </test-method> <!-- launchGoibibo -->
        <test-method signature="BookFlightandDoPayment()[pri:0, instance:Ameer.GoibiboPrjPOMTests.Goibibo_TC15@5c7933ad]" started-at="2024-04-10T13:39:37 IST" name="BookFlightandDoPayment" finished-at="2024-04-10T13:40:39 IST" duration-ms="62010" status="FAIL">
          <exception class="org.openqa.selenium.ElementClickInterceptedException">
            <message>
              <![CDATA[element click intercepted: Element <div class="traveller-detailsstyles__TravellerHdWrap-sc-1xqbced-7 fLJJka">...</div> is not clickable at point (595, 505). Other element would receive the click: <div class="dweb-commonstyles__ModalWindow-sc-13fxsy5-8 dhGqqR modalVisible">...</div>
  (Session info: chrome=123.0.6312.86)
Build info: version: '4.15.0', revision: '1d14b5521b'
System info: os.name: 'Windows 11', os.arch: 'amd64', os.version: '10.0', java.version: '17.0.8'
Driver info: org.openqa.selenium.chrome.ChromeDriver
Command: [499dfbfab3c797fea9843de4e376fd63, clickElement {id=f.3F1275DD127DB6ED86DE15B82461511F.d.8CC9B47A80BFB0A69B8E39487044B218.e.752}]
Capabilities {acceptInsecureCerts: false, browserName: chrome, browserVersion: 123.0.6312.86, chrome: {chromedriverVersion: 123.0.6312.105 (399174dbe6e..., userDataDir: C:\Users\ameer\AppData\Loca...}, fedcm:accounts: true, goog:chromeOptions: {debuggerAddress: localhost:54037}, networkConnectionEnabled: false, pageLoadStrategy: normal, platformName: windows, proxy: Proxy(), se:cdp: ws://localhost:54037/devtoo..., se:cdpVersion: 123.0.6312.86, setWindowRect: true, strictFileInteractability: false, timeouts: {implicit: 0, pageLoad: 300000, script: 30000}, unhandledPromptBehavior: dismiss and notify, webauthn:extension:credBlob: true, webauthn:extension:largeBlob: true, webauthn:extension:minPinLength: true, webauthn:extension:prf: true, webauthn:virtualAuthenticators: true}
Element: [[ChromeDriver: chrome on windows (499dfbfab3c797fea9843de4e376fd63)] -> xpath: (//div[@class="traveller-detailsstyles__TravellerHdWrap-sc-1xqbced-7 fLJJka"])[3]]
Session ID: 499dfbfab3c797fea9843de4e376fd63]]>
            </message>
            <full-stacktrace>
              <![CDATA[org.openqa.selenium.ElementClickInterceptedException: element click intercepted: Element <div class="traveller-detailsstyles__TravellerHdWrap-sc-1xqbced-7 fLJJka">...</div> is not clickable at point (595, 505). Other element would receive the click: <div class="dweb-commonstyles__ModalWindow-sc-13fxsy5-8 dhGqqR modalVisible">...</div>
  (Session info: chrome=123.0.6312.86)
Build info: version: '4.15.0', revision: '1d14b5521b'
System info: os.name: 'Windows 11', os.arch: 'amd64', os.version: '10.0', java.version: '17.0.8'
Driver info: org.openqa.selenium.chrome.ChromeDriver
Command: [499dfbfab3c797fea9843de4e376fd63, clickElement {id=f.3F1275DD127DB6ED86DE15B82461511F.d.8CC9B47A80BFB0A69B8E39487044B218.e.752}]
Capabilities {acceptInsecureCerts: false, browserName: chrome, browserVersion: 123.0.6312.86, chrome: {chromedriverVersion: 123.0.6312.105 (399174dbe6e..., userDataDir: C:\Users\ameer\AppData\Loca...}, fedcm:accounts: true, goog:chromeOptions: {debuggerAddress: localhost:54037}, networkConnectionEnabled: false, pageLoadStrategy: normal, platformName: windows, proxy: Proxy(), se:cdp: ws://localhost:54037/devtoo..., se:cdpVersion: 123.0.6312.86, setWindowRect: true, strictFileInteractability: false, timeouts: {implicit: 0, pageLoad: 300000, script: 30000}, unhandledPromptBehavior: dismiss and notify, webauthn:extension:credBlob: true, webauthn:extension:largeBlob: true, webauthn:extension:minPinLength: true, webauthn:extension:prf: true, webauthn:virtualAuthenticators: true}
Element: [[ChromeDriver: chrome on windows (499dfbfab3c797fea9843de4e376fd63)] -> xpath: (//div[@class="traveller-detailsstyles__TravellerHdWrap-sc-1xqbced-7 fLJJka"])[3]]
Session ID: 499dfbfab3c797fea9843de4e376fd63
at java.base/jdk.internal.reflect.NativeConstructorAccessorImpl.newInstance0(Native Method)
at java.base/jdk.internal.reflect.NativeConstructorAccessorImpl.newInstance(NativeConstructorAccessorImpl.java:77)
at java.base/jdk.internal.reflect.DelegatingConstructorAccessorImpl.newInstance(DelegatingConstructorAccessorImpl.java:45)
at java.base/java.lang.reflect.Constructor.newInstanceWithCaller(Constructor.java:499)
at java.base/java.lang.reflect.Constructor.newInstance(Constructor.java:480)
at org.openqa.selenium.remote.codec.w3c.W3CHttpResponseCodec.createException(W3CHttpResponseCodec.java:200)
at org.openqa.selenium.remote.codec.w3c.W3CHttpResponseCodec.decode(W3CHttpResponseCodec.java:133)
at org.openqa.selenium.remote.codec.w3c.W3CHttpResponseCodec.decode(W3CHttpResponseCodec.java:52)
at org.openqa.selenium.remote.HttpCommandExecutor.execute(HttpCommandExecutor.java:191)
at org.openqa.selenium.remote.service.DriverCommandExecutor.invokeExecute(DriverCommandExecutor.java:200)
at org.openqa.selenium.remote.service.DriverCommandExecutor.execute(DriverCommandExecutor.java:175)
at org.openqa.selenium.remote.RemoteWebDriver.execute(RemoteWebDriver.java:607)
at org.openqa.selenium.remote.RemoteWebElement.execute(RemoteWebElement.java:224)
at org.openqa.selenium.remote.RemoteWebElement.click(RemoteWebElement.java:77)
at jdk.internal.reflect.GeneratedMethodAccessor1.invoke(Unknown Source)
at java.base/jdk.internal.reflect.DelegatingMethodAccessorImpl.invoke(DelegatingMethodAccessorImpl.java:43)
at java.base/java.lang.reflect.Method.invoke(Method.java:568)
at org.openqa.selenium.support.pagefactory.internal.LocatingElementHandler.invoke(LocatingElementHandler.java:51)
at jdk.proxy2/jdk.proxy2.$Proxy13.click(Unknown Source)
at Ameer.GoibiboPrjPOMPages.MultiPassengerBookingTC09Page.SelAdult3(MultiPassengerBookingTC09Page.java:115)
at Ameer.GoibiboPrjPOMTests.Goibibo_TC15.BookFlightandDoPayment(Goibibo_TC15.java:57)
at java.base/jdk.internal.reflect.NativeMethodAccessorImpl.invoke0(Native Method)
at java.base/jdk.internal.reflect.NativeMethodAccessorImpl.invoke(NativeMethodAccessorImpl.java:77)
at java.base/jdk.internal.reflect.DelegatingMethodAccessorImpl.invoke(DelegatingMethodAccessorImpl.java:43)
at java.base/java.lang.reflect.Method.invoke(Method.java:568)
at org.testng.internal.invokers.MethodInvocationHelper.invokeMethod(MethodInvocationHelper.java:139)
at org.testng.internal.invokers.TestInvoker.invokeMethod(TestInvoker.java:664)
at org.testng.internal.invokers.TestInvoker.invokeTestMethod(TestInvoker.java:227)
at org.testng.internal.invokers.MethodRunner.runInSequence(MethodRunner.java:50)
at org.testng.internal.invokers.TestInvoker$MethodInvocationAgent.invoke(TestInvoker.java:957)
at org.testng.internal.invokers.TestInvoker.invokeTestMethods(TestInvoker.java:200)
at org.testng.internal.invokers.TestMethodWorker.invokeTestMethods(TestMethodWorker.java:148)
at org.testng.internal.invokers.TestMethodWorker.run(TestMethodWorker.java:128)
at java.base/java.util.ArrayList.forEach(ArrayList.java:1511)
at org.testng.TestRunner.privateRun(TestRunner.java:848)
at org.testng.TestRunner.run(TestRunner.java:621)
at org.testng.SuiteRunner.runTest(SuiteRunner.java:443)
at org.testng.SuiteRunner.runSequentially(SuiteRunner.java:437)
at org.testng.SuiteRunner.privateRun(SuiteRunner.java:397)
at org.testng.SuiteRunner.run(SuiteRunner.java:336)
at org.testng.SuiteRunnerWorker.runSuite(SuiteRunnerWorker.java:52)
at org.testng.SuiteRunnerWorker.run(SuiteRunnerWorker.java:95)
at org.testng.TestNG.runSuitesSequentially(TestNG.java:1280)
at org.testng.TestNG.runSuitesLocally(TestNG.java:1200)
at org.testng.TestNG.runSuites(TestNG.java:1114)
at org.testng.TestNG.run(TestNG.java:1082)
at org.testng.remote.AbstractRemoteTestNG.run(AbstractRemoteTestNG.java:115)
at org.testng.remote.RemoteTestNG.initAndRun(RemoteTestNG.java:251)
at org.testng.remote.RemoteTestNG.main(RemoteTestNG.java:77)
]]>
            </full-stacktrace>
          </exception> <!-- org.openqa.selenium.ElementClickInterceptedException -->
          <reporter-output>
            <line>
              <![CDATA[Test Case Failed while execution hence takeing Sceenshoot]]>
            </line>
          </reporter-output>
        </test-method> <!-- BookFlightandDoPayment -->
      </class> <!-- Ameer.GoibiboPrjPOMTests.Goibibo_TC15 -->
      <class name="Ameer.GoibiboPrjPOMTests.Goibibo_TC04">
        <test-method is-config="true" signature="launchGoibibo(java.lang.String)[pri:0, instance:Ameer.GoibiboPrjPOMTests.Goibibo_TC04@1807e3f6]" started-at="2024-04-10T13:31:23 IST" name="launchGoibibo" finished-at="2024-04-10T13:31:30 IST" duration-ms="7279" status="PASS">
          <params>
            <param index="0">
              <value>
                <![CDATA[Chrome]]>
              </value>
            </param>
          </params>
          <reporter-output>
          </reporter-output>
        </test-method> <!-- launchGoibibo -->
        <test-method signature="SearchOneWayFlight()[pri:0, instance:Ameer.GoibiboPrjPOMTests.Goibibo_TC04@1807e3f6]" started-at="2024-04-10T13:31:30 IST" name="SearchOneWayFlight" finished-at="2024-04-10T13:32:08 IST" duration-ms="37494" status="PASS">
          <reporter-output>
            <line>
              <![CDATA[Test Case Success while execution hence takeing Sceenshoot]]>
            </line>
          </reporter-output>
        </test-method> <!-- SearchOneWayFlight -->
      </class> <!-- Ameer.GoibiboPrjPOMTests.Goibibo_TC04 -->
      <class name="Ameer.GoibiboPrjPOMTests.Goibibo_TC14">
        <test-method is-config="true" signature="launchGoibibo(java.lang.String)[pri:0, instance:Ameer.GoibiboPrjPOMTests.Goibibo_TC14@790da477]" started-at="2024-04-10T13:39:17 IST" name="launchGoibibo" finished-at="2024-04-10T13:39:22 IST" duration-ms="5144" status="PASS">
          <params>
            <param index="0">
              <value>
                <![CDATA[Chrome]]>
              </value>
            </param>
          </params>
          <reporter-output>
          </reporter-output>
        </test-method> <!-- launchGoibibo -->
        <test-method signature="ROundTripDomesticFlightSerach()[pri:0, instance:Ameer.GoibiboPrjPOMTests.Goibibo_TC14@790da477]" started-at="2024-04-10T13:39:22 IST" name="ROundTripDomesticFlightSerach" finished-at="2024-04-10T13:39:32 IST" duration-ms="10013" status="PASS">
          <reporter-output>
            <line>
              <![CDATA[Test Case Success while execution hence takeing Sceenshoot]]>
            </line>
          </reporter-output>
        </test-method> <!-- ROundTripDomesticFlightSerach -->
      </class> <!-- Ameer.GoibiboPrjPOMTests.Goibibo_TC14 -->
      <class name="Ameer.GoibiboPrjPOMTests.Goibibo_TC03">
        <test-method is-config="true" signature="launchGoibibo(java.lang.String)[pri:0, instance:Ameer.GoibiboPrjPOMTests.Goibibo_TC03@55cb6996]" started-at="2024-04-10T13:31:12 IST" name="launchGoibibo" finished-at="2024-04-10T13:31:19 IST" duration-ms="6460" status="PASS">
          <params>
            <param index="0">
              <value>
                <![CDATA[Chrome]]>
              </value>
            </param>
          </params>
          <reporter-output>
          </reporter-output>
        </test-method> <!-- launchGoibibo -->
        <test-method signature="LoginWithInvalidCred()[pri:0, instance:Ameer.GoibiboPrjPOMTests.Goibibo_TC03@55cb6996]" started-at="2024-04-10T13:31:19 IST" name="LoginWithInvalidCred" finished-at="2024-04-10T13:31:23 IST" duration-ms="4039" status="PASS">
          <reporter-output>
            <line>
              <![CDATA[Test Case Success while execution hence takeing Sceenshoot]]>
            </line>
          </reporter-output>
        </test-method> <!-- LoginWithInvalidCred -->
      </class> <!-- Ameer.GoibiboPrjPOMTests.Goibibo_TC03 -->
      <class name="Ameer.GoibiboPrjPOMTests.Goibibo_TC13">
        <test-method is-config="true" signature="launchGoibibo(java.lang.String)[pri:0, instance:Ameer.GoibiboPrjPOMTests.Goibibo_TC13@5b7a7f33]" started-at="2024-04-10T13:38:38 IST" name="launchGoibibo" finished-at="2024-04-10T13:38:43 IST" duration-ms="4233" status="PASS">
          <params>
            <param index="0">
              <value>
                <![CDATA[Chrome]]>
              </value>
            </param>
          </params>
          <reporter-output>
          </reporter-output>
        </test-method> <!-- launchGoibibo -->
        <test-method signature="VerifyApplyCouponCode()[pri:0, instance:Ameer.GoibiboPrjPOMTests.Goibibo_TC13@5b7a7f33]" started-at="2024-04-10T13:38:43 IST" name="VerifyApplyCouponCode" finished-at="2024-04-10T13:39:16 IST" duration-ms="33879" status="FAIL">
          <exception class="org.openqa.selenium.TimeoutException">
            <message>
              <![CDATA[Expected condition failed: waiting for visibility of element located by By.xpath: //div//p[@class="successMsg__subTitle"] (tried for 25 second(s) with 500 milliseconds interval)
Build info: version: '4.15.0', revision: '1d14b5521b'
System info: os.name: 'Windows 11', os.arch: 'amd64', os.version: '10.0', java.version: '17.0.8'
Driver info: org.openqa.selenium.chrome.ChromeDriver
Capabilities {acceptInsecureCerts: false, browserName: chrome, browserVersion: 123.0.6312.86, chrome: {chromedriverVersion: 123.0.6312.105 (399174dbe6e..., userDataDir: C:\Users\ameer\AppData\Loca...}, fedcm:accounts: true, goog:chromeOptions: {debuggerAddress: localhost:53894}, networkConnectionEnabled: false, pageLoadStrategy: normal, platformName: windows, proxy: Proxy(), se:cdp: ws://localhost:53894/devtoo..., se:cdpVersion: 123.0.6312.86, setWindowRect: true, strictFileInteractability: false, timeouts: {implicit: 0, pageLoad: 300000, script: 30000}, unhandledPromptBehavior: dismiss and notify, webauthn:extension:credBlob: true, webauthn:extension:largeBlob: true, webauthn:extension:minPinLength: true, webauthn:extension:prf: true, webauthn:virtualAuthenticators: true}
Session ID: 38a665dca626c6d4b9d57960714435a2]]>
            </message>
            <full-stacktrace>
              <![CDATA[org.openqa.selenium.TimeoutException: Expected condition failed: waiting for visibility of element located by By.xpath: //div//p[@class="successMsg__subTitle"] (tried for 25 second(s) with 500 milliseconds interval)
Build info: version: '4.15.0', revision: '1d14b5521b'
System info: os.name: 'Windows 11', os.arch: 'amd64', os.version: '10.0', java.version: '17.0.8'
Driver info: org.openqa.selenium.chrome.ChromeDriver
Capabilities {acceptInsecureCerts: false, browserName: chrome, browserVersion: 123.0.6312.86, chrome: {chromedriverVersion: 123.0.6312.105 (399174dbe6e..., userDataDir: C:\Users\ameer\AppData\Loca...}, fedcm:accounts: true, goog:chromeOptions: {debuggerAddress: localhost:53894}, networkConnectionEnabled: false, pageLoadStrategy: normal, platformName: windows, proxy: Proxy(), se:cdp: ws://localhost:53894/devtoo..., se:cdpVersion: 123.0.6312.86, setWindowRect: true, strictFileInteractability: false, timeouts: {implicit: 0, pageLoad: 300000, script: 30000}, unhandledPromptBehavior: dismiss and notify, webauthn:extension:credBlob: true, webauthn:extension:largeBlob: true, webauthn:extension:minPinLength: true, webauthn:extension:prf: true, webauthn:virtualAuthenticators: true}
Session ID: 38a665dca626c6d4b9d57960714435a2
at org.openqa.selenium.support.ui.WebDriverWait.timeoutException(WebDriverWait.java:84)
at org.openqa.selenium.support.ui.FluentWait.until(FluentWait.java:229)
at Ameer.GoibiboPrjPOMPages.GoibiboRegisterPage.VerifyLoginSuccessful(GoibiboRegisterPage.java:35)
at Ameer.GoibiboPrjPOMTests.Goibibo_TC13.VerifyApplyCouponCode(Goibibo_TC13.java:34)
at java.base/jdk.internal.reflect.NativeMethodAccessorImpl.invoke0(Native Method)
at java.base/jdk.internal.reflect.NativeMethodAccessorImpl.invoke(NativeMethodAccessorImpl.java:77)
at java.base/jdk.internal.reflect.DelegatingMethodAccessorImpl.invoke(DelegatingMethodAccessorImpl.java:43)
at java.base/java.lang.reflect.Method.invoke(Method.java:568)
at org.testng.internal.invokers.MethodInvocationHelper.invokeMethod(MethodInvocationHelper.java:139)
at org.testng.internal.invokers.TestInvoker.invokeMethod(TestInvoker.java:664)
at org.testng.internal.invokers.TestInvoker.invokeTestMethod(TestInvoker.java:227)
at org.testng.internal.invokers.MethodRunner.runInSequence(MethodRunner.java:50)
at org.testng.internal.invokers.TestInvoker$MethodInvocationAgent.invoke(TestInvoker.java:957)
at org.testng.internal.invokers.TestInvoker.invokeTestMethods(TestInvoker.java:200)
at org.testng.internal.invokers.TestMethodWorker.invokeTestMethods(TestMethodWorker.java:148)
at org.testng.internal.invokers.TestMethodWorker.run(TestMethodWorker.java:128)
at java.base/java.util.ArrayList.forEach(ArrayList.java:1511)
at org.testng.TestRunner.privateRun(TestRunner.java:848)
at org.testng.TestRunner.run(TestRunner.java:621)
at org.testng.SuiteRunner.runTest(SuiteRunner.java:443)
at org.testng.SuiteRunner.runSequentially(SuiteRunner.java:437)
at org.testng.SuiteRunner.privateRun(SuiteRunner.java:397)
at org.testng.SuiteRunner.run(SuiteRunner.java:336)
at org.testng.SuiteRunnerWorker.runSuite(SuiteRunnerWorker.java:52)
at org.testng.SuiteRunnerWorker.run(SuiteRunnerWorker.java:95)
at org.testng.TestNG.runSuitesSequentially(TestNG.java:1280)
at org.testng.TestNG.runSuitesLocally(TestNG.java:1200)
at org.testng.TestNG.runSuites(TestNG.java:1114)
at org.testng.TestNG.run(TestNG.java:1082)
at org.testng.remote.AbstractRemoteTestNG.run(AbstractRemoteTestNG.java:115)
at org.testng.remote.RemoteTestNG.initAndRun(RemoteTestNG.java:251)
at org.testng.remote.RemoteTestNG.main(RemoteTestNG.java:77)
]]>
            </full-stacktrace>
          </exception> <!-- org.openqa.selenium.TimeoutException -->
          <reporter-output>
            <line>
              <![CDATA[Test Case Failed while execution hence takeing Sceenshoot]]>
            </line>
          </reporter-output>
        </test-method> <!-- VerifyApplyCouponCode -->
      </class> <!-- Ameer.GoibiboPrjPOMTests.Goibibo_TC13 -->
      <class name="Ameer.GoibiboPrjPOMTests.Goibibo_TC02">
        <test-method is-config="true" signature="launchGoibibo(java.lang.String)[pri:0, instance:Ameer.GoibiboPrjPOMTests.Goibibo_TC02@48e1f6c7]" started-at="2024-04-10T13:30:10 IST" name="launchGoibibo" finished-at="2024-04-10T13:30:18 IST" duration-ms="7985" status="PASS">
          <params>
            <param index="0">
              <value>
                <![CDATA[Chrome]]>
              </value>
            </param>
          </params>
          <reporter-output>
          </reporter-output>
        </test-method> <!-- launchGoibibo -->
        <test-method signature="LoginWithValidCred()[pri:2, instance:Ameer.GoibiboPrjPOMTests.Goibibo_TC02@48e1f6c7]" started-at="2024-04-10T13:30:18 IST" name="LoginWithValidCred" finished-at="2024-04-10T13:30:31 IST" duration-ms="12353" status="PASS">
          <reporter-output>
            <line>
              <![CDATA[Test Case Success while execution hence takeing Sceenshoot]]>
            </line>
          </reporter-output>
        </test-method> <!-- LoginWithValidCred -->
        <test-method is-config="true" signature="launchGoibibo(java.lang.String)[pri:0, instance:Ameer.GoibiboPrjPOMTests.Goibibo_TC02@48e1f6c7]" started-at="2024-04-10T13:30:31 IST" name="launchGoibibo" finished-at="2024-04-10T13:30:38 IST" duration-ms="6935" status="PASS">
          <params>
            <param index="0">
              <value>
                <![CDATA[Chrome]]>
              </value>
            </param>
          </params>
          <reporter-output>
          </reporter-output>
        </test-method> <!-- launchGoibibo -->
        <test-method signature="LoginWithValidCred()[pri:2, instance:Ameer.GoibiboPrjPOMTests.Goibibo_TC02@48e1f6c7]" started-at="2024-04-10T13:30:38 IST" name="LoginWithValidCred" finished-at="2024-04-10T13:31:12 IST" duration-ms="34230" status="FAIL">
          <exception class="org.openqa.selenium.TimeoutException">
            <message>
              <![CDATA[Expected condition failed: waiting for visibility of element located by By.xpath: //div//p[@class="successMsg__subTitle"] (tried for 25 second(s) with 500 milliseconds interval)
Build info: version: '4.15.0', revision: '1d14b5521b'
System info: os.name: 'Windows 11', os.arch: 'amd64', os.version: '10.0', java.version: '17.0.8'
Driver info: org.openqa.selenium.chrome.ChromeDriver
Capabilities {acceptInsecureCerts: false, browserName: chrome, browserVersion: 123.0.6312.86, chrome: {chromedriverVersion: 123.0.6312.105 (399174dbe6e..., userDataDir: C:\Users\ameer\AppData\Loca...}, fedcm:accounts: true, goog:chromeOptions: {debuggerAddress: localhost:52432}, networkConnectionEnabled: false, pageLoadStrategy: normal, platformName: windows, proxy: Proxy(), se:cdp: ws://localhost:52432/devtoo..., se:cdpVersion: 123.0.6312.86, setWindowRect: true, strictFileInteractability: false, timeouts: {implicit: 0, pageLoad: 300000, script: 30000}, unhandledPromptBehavior: dismiss and notify, webauthn:extension:credBlob: true, webauthn:extension:largeBlob: true, webauthn:extension:minPinLength: true, webauthn:extension:prf: true, webauthn:virtualAuthenticators: true}
Session ID: 42fa69e695b1d6125b06f87ebed85986]]>
            </message>
            <full-stacktrace>
              <![CDATA[org.openqa.selenium.TimeoutException: Expected condition failed: waiting for visibility of element located by By.xpath: //div//p[@class="successMsg__subTitle"] (tried for 25 second(s) with 500 milliseconds interval)
Build info: version: '4.15.0', revision: '1d14b5521b'
System info: os.name: 'Windows 11', os.arch: 'amd64', os.version: '10.0', java.version: '17.0.8'
Driver info: org.openqa.selenium.chrome.ChromeDriver
Capabilities {acceptInsecureCerts: false, browserName: chrome, browserVersion: 123.0.6312.86, chrome: {chromedriverVersion: 123.0.6312.105 (399174dbe6e..., userDataDir: C:\Users\ameer\AppData\Loca...}, fedcm:accounts: true, goog:chromeOptions: {debuggerAddress: localhost:52432}, networkConnectionEnabled: false, pageLoadStrategy: normal, platformName: windows, proxy: Proxy(), se:cdp: ws://localhost:52432/devtoo..., se:cdpVersion: 123.0.6312.86, setWindowRect: true, strictFileInteractability: false, timeouts: {implicit: 0, pageLoad: 300000, script: 30000}, unhandledPromptBehavior: dismiss and notify, webauthn:extension:credBlob: true, webauthn:extension:largeBlob: true, webauthn:extension:minPinLength: true, webauthn:extension:prf: true, webauthn:virtualAuthenticators: true}
Session ID: 42fa69e695b1d6125b06f87ebed85986
at org.openqa.selenium.support.ui.WebDriverWait.timeoutException(WebDriverWait.java:84)
at org.openqa.selenium.support.ui.FluentWait.until(FluentWait.java:229)
at Ameer.GoibiboPrjPOMPages.GoibiboRegisterPage.VerifyLoginSuccessful(GoibiboRegisterPage.java:35)
at Ameer.GoibiboPrjPOMTests.Goibibo_TC02.LoginWithValidCred(Goibibo_TC02.java:26)
at java.base/jdk.internal.reflect.NativeMethodAccessorImpl.invoke0(Native Method)
at java.base/jdk.internal.reflect.NativeMethodAccessorImpl.invoke(NativeMethodAccessorImpl.java:77)
at java.base/jdk.internal.reflect.DelegatingMethodAccessorImpl.invoke(DelegatingMethodAccessorImpl.java:43)
at java.base/java.lang.reflect.Method.invoke(Method.java:568)
at org.testng.internal.invokers.MethodInvocationHelper.invokeMethod(MethodInvocationHelper.java:139)
at org.testng.internal.invokers.TestInvoker.invokeMethod(TestInvoker.java:664)
at org.testng.internal.invokers.TestInvoker.invokeTestMethod(TestInvoker.java:227)
at org.testng.internal.invokers.MethodRunner.runInSequence(MethodRunner.java:50)
at org.testng.internal.invokers.TestInvoker$MethodInvocationAgent.invoke(TestInvoker.java:957)
at org.testng.internal.invokers.TestInvoker.invokeTestMethods(TestInvoker.java:200)
at org.testng.internal.invokers.TestMethodWorker.invokeTestMethods(TestMethodWorker.java:148)
at org.testng.internal.invokers.TestMethodWorker.run(TestMethodWorker.java:128)
at java.base/java.util.ArrayList.forEach(ArrayList.java:1511)
at org.testng.TestRunner.privateRun(TestRunner.java:848)
at org.testng.TestRunner.run(TestRunner.java:621)
at org.testng.SuiteRunner.runTest(SuiteRunner.java:443)
at org.testng.SuiteRunner.runSequentially(SuiteRunner.java:437)
at org.testng.SuiteRunner.privateRun(SuiteRunner.java:397)
at org.testng.SuiteRunner.run(SuiteRunner.java:336)
at org.testng.SuiteRunnerWorker.runSuite(SuiteRunnerWorker.java:52)
at org.testng.SuiteRunnerWorker.run(SuiteRunnerWorker.java:95)
at org.testng.TestNG.runSuitesSequentially(TestNG.java:1280)
at org.testng.TestNG.runSuitesLocally(TestNG.java:1200)
at org.testng.TestNG.runSuites(TestNG.java:1114)
at org.testng.TestNG.run(TestNG.java:1082)
at org.testng.remote.AbstractRemoteTestNG.run(AbstractRemoteTestNG.java:115)
at org.testng.remote.RemoteTestNG.initAndRun(RemoteTestNG.java:251)
at org.testng.remote.RemoteTestNG.main(RemoteTestNG.java:77)
]]>
            </full-stacktrace>
          </exception> <!-- org.openqa.selenium.TimeoutException -->
          <reporter-output>
            <line>
              <![CDATA[Test Case Failed while execution hence takeing Sceenshoot]]>
            </line>
          </reporter-output>
        </test-method> <!-- LoginWithValidCred -->
      </class> <!-- Ameer.GoibiboPrjPOMTests.Goibibo_TC02 -->
      <class name="Ameer.GoibiboPrjPOMTests.Goibibo_TC12">
        <test-method is-config="true" signature="launchGoibibo(java.lang.String)[pri:0, instance:Ameer.GoibiboPrjPOMTests.Goibibo_TC12@38467116]" started-at="2024-04-10T13:37:36 IST" name="launchGoibibo" finished-at="2024-04-10T13:38:04 IST" duration-ms="27514" status="PASS">
          <params>
            <param index="0">
              <value>
                <![CDATA[Chrome]]>
              </value>
            </param>
          </params>
          <reporter-output>
          </reporter-output>
        </test-method> <!-- launchGoibibo -->
        <test-method signature="LoginSerchFlightLogOut()[pri:0, instance:Ameer.GoibiboPrjPOMTests.Goibibo_TC12@38467116]" started-at="2024-04-10T13:38:04 IST" name="LoginSerchFlightLogOut" finished-at="2024-04-10T13:38:38 IST" duration-ms="34125" status="FAIL">
          <exception class="org.openqa.selenium.TimeoutException">
            <message>
              <![CDATA[Expected condition failed: waiting for visibility of element located by By.xpath: //div//p[@class="successMsg__subTitle"] (tried for 25 second(s) with 500 milliseconds interval)
Build info: version: '4.15.0', revision: '1d14b5521b'
System info: os.name: 'Windows 11', os.arch: 'amd64', os.version: '10.0', java.version: '17.0.8'
Driver info: org.openqa.selenium.chrome.ChromeDriver
Capabilities {acceptInsecureCerts: false, browserName: chrome, browserVersion: 123.0.6312.86, chrome: {chromedriverVersion: 123.0.6312.105 (399174dbe6e..., userDataDir: C:\Users\ameer\AppData\Loca...}, fedcm:accounts: true, goog:chromeOptions: {debuggerAddress: localhost:53692}, networkConnectionEnabled: false, pageLoadStrategy: normal, platformName: windows, proxy: Proxy(), se:cdp: ws://localhost:53692/devtoo..., se:cdpVersion: 123.0.6312.86, setWindowRect: true, strictFileInteractability: false, timeouts: {implicit: 0, pageLoad: 300000, script: 30000}, unhandledPromptBehavior: dismiss and notify, webauthn:extension:credBlob: true, webauthn:extension:largeBlob: true, webauthn:extension:minPinLength: true, webauthn:extension:prf: true, webauthn:virtualAuthenticators: true}
Session ID: 65bca3f27db4b39940ad3462471448b1]]>
            </message>
            <full-stacktrace>
              <![CDATA[org.openqa.selenium.TimeoutException: Expected condition failed: waiting for visibility of element located by By.xpath: //div//p[@class="successMsg__subTitle"] (tried for 25 second(s) with 500 milliseconds interval)
Build info: version: '4.15.0', revision: '1d14b5521b'
System info: os.name: 'Windows 11', os.arch: 'amd64', os.version: '10.0', java.version: '17.0.8'
Driver info: org.openqa.selenium.chrome.ChromeDriver
Capabilities {acceptInsecureCerts: false, browserName: chrome, browserVersion: 123.0.6312.86, chrome: {chromedriverVersion: 123.0.6312.105 (399174dbe6e..., userDataDir: C:\Users\ameer\AppData\Loca...}, fedcm:accounts: true, goog:chromeOptions: {debuggerAddress: localhost:53692}, networkConnectionEnabled: false, pageLoadStrategy: normal, platformName: windows, proxy: Proxy(), se:cdp: ws://localhost:53692/devtoo..., se:cdpVersion: 123.0.6312.86, setWindowRect: true, strictFileInteractability: false, timeouts: {implicit: 0, pageLoad: 300000, script: 30000}, unhandledPromptBehavior: dismiss and notify, webauthn:extension:credBlob: true, webauthn:extension:largeBlob: true, webauthn:extension:minPinLength: true, webauthn:extension:prf: true, webauthn:virtualAuthenticators: true}
Session ID: 65bca3f27db4b39940ad3462471448b1
at org.openqa.selenium.support.ui.WebDriverWait.timeoutException(WebDriverWait.java:84)
at org.openqa.selenium.support.ui.FluentWait.until(FluentWait.java:229)
at Ameer.GoibiboPrjPOMPages.GoibiboRegisterPage.VerifyLoginSuccessful(GoibiboRegisterPage.java:35)
at Ameer.GoibiboPrjPOMTests.Goibibo_TC12.LoginSerchFlightLogOut(Goibibo_TC12.java:33)
at java.base/jdk.internal.reflect.NativeMethodAccessorImpl.invoke0(Native Method)
at java.base/jdk.internal.reflect.NativeMethodAccessorImpl.invoke(NativeMethodAccessorImpl.java:77)
at java.base/jdk.internal.reflect.DelegatingMethodAccessorImpl.invoke(DelegatingMethodAccessorImpl.java:43)
at java.base/java.lang.reflect.Method.invoke(Method.java:568)
at org.testng.internal.invokers.MethodInvocationHelper.invokeMethod(MethodInvocationHelper.java:139)
at org.testng.internal.invokers.TestInvoker.invokeMethod(TestInvoker.java:664)
at org.testng.internal.invokers.TestInvoker.invokeTestMethod(TestInvoker.java:227)
at org.testng.internal.invokers.MethodRunner.runInSequence(MethodRunner.java:50)
at org.testng.internal.invokers.TestInvoker$MethodInvocationAgent.invoke(TestInvoker.java:957)
at org.testng.internal.invokers.TestInvoker.invokeTestMethods(TestInvoker.java:200)
at org.testng.internal.invokers.TestMethodWorker.invokeTestMethods(TestMethodWorker.java:148)
at org.testng.internal.invokers.TestMethodWorker.run(TestMethodWorker.java:128)
at java.base/java.util.ArrayList.forEach(ArrayList.java:1511)
at org.testng.TestRunner.privateRun(TestRunner.java:848)
at org.testng.TestRunner.run(TestRunner.java:621)
at org.testng.SuiteRunner.runTest(SuiteRunner.java:443)
at org.testng.SuiteRunner.runSequentially(SuiteRunner.java:437)
at org.testng.SuiteRunner.privateRun(SuiteRunner.java:397)
at org.testng.SuiteRunner.run(SuiteRunner.java:336)
at org.testng.SuiteRunnerWorker.runSuite(SuiteRunnerWorker.java:52)
at org.testng.SuiteRunnerWorker.run(SuiteRunnerWorker.java:95)
at org.testng.TestNG.runSuitesSequentially(TestNG.java:1280)
at org.testng.TestNG.runSuitesLocally(TestNG.java:1200)
at org.testng.TestNG.runSuites(TestNG.java:1114)
at org.testng.TestNG.run(TestNG.java:1082)
at org.testng.remote.AbstractRemoteTestNG.run(AbstractRemoteTestNG.java:115)
at org.testng.remote.RemoteTestNG.initAndRun(RemoteTestNG.java:251)
at org.testng.remote.RemoteTestNG.main(RemoteTestNG.java:77)
]]>
            </full-stacktrace>
          </exception> <!-- org.openqa.selenium.TimeoutException -->
          <reporter-output>
            <line>
              <![CDATA[Test Case Failed while execution hence takeing Sceenshoot]]>
            </line>
          </reporter-output>
        </test-method> <!-- LoginSerchFlightLogOut -->
      </class> <!-- Ameer.GoibiboPrjPOMTests.Goibibo_TC12 -->
      <class name="Ameer.GoibiboPrjPOMTests.Goibibo_TC01">
        <test-method is-config="true" signature="launchGoibibo(java.lang.String)[pri:0, instance:Ameer.GoibiboPrjPOMTests.Goibibo_TC01@1972e513]" started-at="2024-04-10T13:29:57 IST" name="launchGoibibo" finished-at="2024-04-10T13:30:05 IST" duration-ms="8053" status="PASS">
          <params>
            <param index="0">
              <value>
                <![CDATA[Chrome]]>
              </value>
            </param>
          </params>
          <reporter-output>
          </reporter-output>
        </test-method> <!-- launchGoibibo -->
        <test-method signature="RegisterNewAccount()[pri:0, instance:Ameer.GoibiboPrjPOMTests.Goibibo_TC01@1972e513]" started-at="2024-04-10T13:30:05 IST" name="RegisterNewAccount" finished-at="2024-04-10T13:30:10 IST" duration-ms="5028" status="PASS">
          <reporter-output>
            <line>
              <![CDATA[Test Case Success while execution hence takeing Sceenshoot]]>
            </line>
          </reporter-output>
        </test-method> <!-- RegisterNewAccount -->
      </class> <!-- Ameer.GoibiboPrjPOMTests.Goibibo_TC01 -->
      <class name="Ameer.GoibiboPrjPOMTests.Goibibo_TC11">
        <test-method is-config="true" signature="launchGoibibo(java.lang.String)[pri:0, instance:Ameer.GoibiboPrjPOMTests.Goibibo_TC11@431cd9b2]" started-at="2024-04-10T13:36:39 IST" name="launchGoibibo" finished-at="2024-04-10T13:36:49 IST" duration-ms="10202" status="PASS">
          <params>
            <param index="0">
              <value>
                <![CDATA[Chrome]]>
              </value>
            </param>
          </params>
          <reporter-output>
          </reporter-output>
        </test-method> <!-- launchGoibibo -->
        <test-method signature="VerifySearchPageFieledsarePresent()[pri:0, instance:Ameer.GoibiboPrjPOMTests.Goibibo_TC11@431cd9b2]" started-at="2024-04-10T13:36:49 IST" name="VerifySearchPageFieledsarePresent" finished-at="2024-04-10T13:37:36 IST" duration-ms="46799" status="PASS">
          <reporter-output>
            <line>
              <![CDATA[Test Case Success while execution hence takeing Sceenshoot]]>
            </line>
          </reporter-output>
        </test-method> <!-- VerifySearchPageFieledsarePresent -->
      </class> <!-- Ameer.GoibiboPrjPOMTests.Goibibo_TC11 -->
      <class name="Ameer.GoibiboPrjPOMTests.Goibibo_TC10">
        <test-method is-config="true" signature="launchGoibibo(java.lang.String)[pri:0, instance:Ameer.GoibiboPrjPOMTests.Goibibo_TC10@65f8f5ae]" started-at="2024-04-10T13:35:28 IST" name="launchGoibibo" finished-at="2024-04-10T13:36:02 IST" duration-ms="33454" status="PASS">
          <params>
            <param index="0">
              <value>
                <![CDATA[Chrome]]>
              </value>
            </param>
          </params>
          <reporter-output>
          </reporter-output>
        </test-method> <!-- launchGoibibo -->
        <test-method signature="VerifyFareBaggageCancelRule()[pri:0, instance:Ameer.GoibiboPrjPOMTests.Goibibo_TC10@65f8f5ae]" started-at="2024-04-10T13:36:02 IST" name="VerifyFareBaggageCancelRule" finished-at="2024-04-10T13:36:39 IST" duration-ms="37080" status="FAIL">
          <exception class="org.openqa.selenium.NoSuchElementException">
            <message>
              <![CDATA[no such element: Unable to locate element: {"method":"xpath","selector":"//select[@class="common-elementsstyles__CustSelectTrvl-sc-ilw4bs-9 lpjPee width100"]"}
  (Session info: chrome=123.0.6312.86)
For documentation on this error, please visit: https://www.selenium.dev/documentation/webdriver/troubleshooting/errors#no-such-element-exception
Build info: version: '4.15.0', revision: '1d14b5521b'
System info: os.name: 'Windows 11', os.arch: 'amd64', os.version: '10.0', java.version: '17.0.8'
Driver info: org.openqa.selenium.chrome.ChromeDriver
Command: [edbe74ab2a3988feda5f93a5a6c0b8b3, findElement {using=xpath, value=//select[@class="common-elementsstyles__CustSelectTrvl-sc-ilw4bs-9 lpjPee width100"]}]
Capabilities {acceptInsecureCerts: false, browserName: chrome, browserVersion: 123.0.6312.86, chrome: {chromedriverVersion: 123.0.6312.105 (399174dbe6e..., userDataDir: C:\Users\ameer\AppData\Loca...}, fedcm:accounts: true, goog:chromeOptions: {debuggerAddress: localhost:53286}, networkConnectionEnabled: false, pageLoadStrategy: normal, platformName: windows, proxy: Proxy(), se:cdp: ws://localhost:53286/devtoo..., se:cdpVersion: 123.0.6312.86, setWindowRect: true, strictFileInteractability: false, timeouts: {implicit: 0, pageLoad: 300000, script: 30000}, unhandledPromptBehavior: dismiss and notify, webauthn:extension:credBlob: true, webauthn:extension:largeBlob: true, webauthn:extension:minPinLength: true, webauthn:extension:prf: true, webauthn:virtualAuthenticators: true}
Session ID: edbe74ab2a3988feda5f93a5a6c0b8b3]]>
            </message>
            <full-stacktrace>
              <![CDATA[org.openqa.selenium.NoSuchElementException: no such element: Unable to locate element: {"method":"xpath","selector":"//select[@class="common-elementsstyles__CustSelectTrvl-sc-ilw4bs-9 lpjPee width100"]"}
  (Session info: chrome=123.0.6312.86)
For documentation on this error, please visit: https://www.selenium.dev/documentation/webdriver/troubleshooting/errors#no-such-element-exception
Build info: version: '4.15.0', revision: '1d14b5521b'
System info: os.name: 'Windows 11', os.arch: 'amd64', os.version: '10.0', java.version: '17.0.8'
Driver info: org.openqa.selenium.chrome.ChromeDriver
Command: [edbe74ab2a3988feda5f93a5a6c0b8b3, findElement {using=xpath, value=//select[@class="common-elementsstyles__CustSelectTrvl-sc-ilw4bs-9 lpjPee width100"]}]
Capabilities {acceptInsecureCerts: false, browserName: chrome, browserVersion: 123.0.6312.86, chrome: {chromedriverVersion: 123.0.6312.105 (399174dbe6e..., userDataDir: C:\Users\ameer\AppData\Loca...}, fedcm:accounts: true, goog:chromeOptions: {debuggerAddress: localhost:53286}, networkConnectionEnabled: false, pageLoadStrategy: normal, platformName: windows, proxy: Proxy(), se:cdp: ws://localhost:53286/devtoo..., se:cdpVersion: 123.0.6312.86, setWindowRect: true, strictFileInteractability: false, timeouts: {implicit: 0, pageLoad: 300000, script: 30000}, unhandledPromptBehavior: dismiss and notify, webauthn:extension:credBlob: true, webauthn:extension:largeBlob: true, webauthn:extension:minPinLength: true, webauthn:extension:prf: true, webauthn:virtualAuthenticators: true}
Session ID: edbe74ab2a3988feda5f93a5a6c0b8b3
at java.base/jdk.internal.reflect.NativeConstructorAccessorImpl.newInstance0(Native Method)
at java.base/jdk.internal.reflect.NativeConstructorAccessorImpl.newInstance(NativeConstructorAccessorImpl.java:77)
at java.base/jdk.internal.reflect.DelegatingConstructorAccessorImpl.newInstance(DelegatingConstructorAccessorImpl.java:45)
at java.base/java.lang.reflect.Constructor.newInstanceWithCaller(Constructor.java:499)
at java.base/java.lang.reflect.Constructor.newInstance(Constructor.java:480)
at org.openqa.selenium.remote.codec.w3c.W3CHttpResponseCodec.createException(W3CHttpResponseCodec.java:200)
at org.openqa.selenium.remote.codec.w3c.W3CHttpResponseCodec.decode(W3CHttpResponseCodec.java:133)
at org.openqa.selenium.remote.codec.w3c.W3CHttpResponseCodec.decode(W3CHttpResponseCodec.java:52)
at org.openqa.selenium.remote.HttpCommandExecutor.execute(HttpCommandExecutor.java:191)
at org.openqa.selenium.remote.service.DriverCommandExecutor.invokeExecute(DriverCommandExecutor.java:200)
at org.openqa.selenium.remote.service.DriverCommandExecutor.execute(DriverCommandExecutor.java:175)
at org.openqa.selenium.remote.RemoteWebDriver.execute(RemoteWebDriver.java:607)
at org.openqa.selenium.remote.ElementLocation$ElementFinder$2.findElement(ElementLocation.java:165)
at org.openqa.selenium.remote.ElementLocation.findElement(ElementLocation.java:59)
at org.openqa.selenium.remote.RemoteWebDriver.findElement(RemoteWebDriver.java:364)
at org.openqa.selenium.remote.RemoteWebDriver.findElement(RemoteWebDriver.java:358)
at org.openqa.selenium.support.pagefactory.DefaultElementLocator.findElement(DefaultElementLocator.java:68)
at org.openqa.selenium.support.pagefactory.internal.LocatingElementHandler.invoke(LocatingElementHandler.java:38)
at jdk.proxy2/jdk.proxy2.$Proxy13.getTagName(Unknown Source)
at org.openqa.selenium.support.ui.Select.<init>(Select.java:43)
at Ameer.GoibiboPrjPOMPages.TC08SrcPage.SelectDocType(TC08SrcPage.java:159)
at Ameer.GoibiboPrjPOMTests.Goibibo_TC10.VerifyFareBaggageCancelRule(Goibibo_TC10.java:61)
at java.base/jdk.internal.reflect.NativeMethodAccessorImpl.invoke0(Native Method)
at java.base/jdk.internal.reflect.NativeMethodAccessorImpl.invoke(NativeMethodAccessorImpl.java:77)
at java.base/jdk.internal.reflect.DelegatingMethodAccessorImpl.invoke(DelegatingMethodAccessorImpl.java:43)
at java.base/java.lang.reflect.Method.invoke(Method.java:568)
at org.testng.internal.invokers.MethodInvocationHelper.invokeMethod(MethodInvocationHelper.java:139)
at org.testng.internal.invokers.TestInvoker.invokeMethod(TestInvoker.java:664)
at org.testng.internal.invokers.TestInvoker.invokeTestMethod(TestInvoker.java:227)
at org.testng.internal.invokers.MethodRunner.runInSequence(MethodRunner.java:50)
at org.testng.internal.invokers.TestInvoker$MethodInvocationAgent.invoke(TestInvoker.java:957)
at org.testng.internal.invokers.TestInvoker.invokeTestMethods(TestInvoker.java:200)
at org.testng.internal.invokers.TestMethodWorker.invokeTestMethods(TestMethodWorker.java:148)
at org.testng.internal.invokers.TestMethodWorker.run(TestMethodWorker.java:128)
at java.base/java.util.ArrayList.forEach(ArrayList.java:1511)
at org.testng.TestRunner.privateRun(TestRunner.java:848)
at org.testng.TestRunner.run(TestRunner.java:621)
at org.testng.SuiteRunner.runTest(SuiteRunner.java:443)
at org.testng.SuiteRunner.runSequentially(SuiteRunner.java:437)
at org.testng.SuiteRunner.privateRun(SuiteRunner.java:397)
at org.testng.SuiteRunner.run(SuiteRunner.java:336)
at org.testng.SuiteRunnerWorker.runSuite(SuiteRunnerWorker.java:52)
at org.testng.SuiteRunnerWorker.run(SuiteRunnerWorker.java:95)
at org.testng.TestNG.runSuitesSequentially(TestNG.java:1280)
at org.testng.TestNG.runSuitesLocally(TestNG.java:1200)
at org.testng.TestNG.runSuites(TestNG.java:1114)
at org.testng.TestNG.run(TestNG.java:1082)
at org.testng.remote.AbstractRemoteTestNG.run(AbstractRemoteTestNG.java:115)
at org.testng.remote.RemoteTestNG.initAndRun(RemoteTestNG.java:251)
at org.testng.remote.RemoteTestNG.main(RemoteTestNG.java:77)
]]>
            </full-stacktrace>
          </exception> <!-- org.openqa.selenium.NoSuchElementException -->
          <reporter-output>
            <line>
              <![CDATA[Test Case Failed while execution hence takeing Sceenshoot]]>
            </line>
          </reporter-output>
        </test-method> <!-- VerifyFareBaggageCancelRule -->
      </class> <!-- Ameer.GoibiboPrjPOMTests.Goibibo_TC10 -->
    </test> <!-- GoibiboChromeBrowserTest -->
  </suite> <!-- GoibiboOneByOne -->
</testng-results>
