<?xml version="1.0" encoding="UTF-8"?>
<!-- Generated by org.testng.reporters.JUnitReportReporter -->
<testsuite hostname="Ammu8867" failures="0" tests="1" name="Ameer.GoibiboPrjPOMTests.Goibibo_TC15" time="66.467" errors="1" timestamp="2024-04-10T13:40:39 IST" skipped="0">
  <testcase classname="Ameer.GoibiboPrjPOMTests.Goibibo_TC15" name="BookFlightandDoPayment" time="66.467">
    <error message="element click intercepted: Element &lt;div class=&quot;traveller-detailsstyles__TravellerHdWrap-sc-1xqbced-7 fLJJka&quot;&gt;...&lt;/div&gt; is not clickable at point (595, 505). Other element would receive the click: &lt;div class=&quot;dweb-commonstyles__ModalWindow-sc-13fxsy5-8 dhGqqR modalVisible&quot;&gt;...&lt;/div&gt;
  (Session info: chrome=123.0.6312.86)
Build info: version: &#039;4.15.0&#039;, revision: &#039;1d14b5521b&#039;
System info: os.name: &#039;Windows 11&#039;, os.arch: &#039;amd64&#039;, os.version: &#039;10.0&#039;, java.version: &#039;17.0.8&#039;
Driver info: org.openqa.selenium.chrome.ChromeDriver
Command: [499dfbfab3c797fea9843de4e376fd63, clickElement {id=f.3F1275DD127DB6ED86DE15B82461511F.d.8CC9B47A80BFB0A69B8E39487044B218.e.752}]
Capabilities {acceptInsecureCerts: false, browserName: chrome, browserVersion: 123.0.6312.86, chrome: {chromedriverVersion: 123.0.6312.105 (399174dbe6e..., userDataDir: C:\Users\ameer\AppData\Loca...}, fedcm:accounts: true, goog:chromeOptions: {debuggerAddress: localhost:54037}, networkConnectionEnabled: false, pageLoadStrategy: normal, platformName: windows, proxy: Proxy(), se:cdp: ws://localhost:54037/devtoo..., se:cdpVersion: 123.0.6312.86, setWindowRect: true, strictFileInteractability: false, timeouts: {implicit: 0, pageLoad: 300000, script: 30000}, unhandledPromptBehavior: dismiss and notify, webauthn:extension:credBlob: true, webauthn:extension:largeBlob: true, webauthn:extension:minPinLength: true, webauthn:extension:prf: true, webauthn:virtualAuthenticators: true}
Element: [[ChromeDriver: chrome on windows (499dfbfab3c797fea9843de4e376fd63)] -&gt; xpath: (//div[@class=&quot;traveller-detailsstyles__TravellerHdWrap-sc-1xqbced-7 fLJJka&quot;])[3]]
Session ID: 499dfbfab3c797fea9843de4e376fd63" type="org.openqa.selenium.ElementClickInterceptedException">
      <![CDATA[org.openqa.selenium.ElementClickInterceptedException: element click intercepted: Element <div class="traveller-detailsstyles__TravellerHdWrap-sc-1xqbced-7 fLJJka">...</div> is not clickable at point (595, 505). Other element would receive the click: <div class="dweb-commonstyles__ModalWindow-sc-13fxsy5-8 dhGqqR modalVisible">...</div>
  (Session info: chrome=123.0.6312.86)
Build info: version: '4.15.0', revision: '1d14b5521b'
System info: os.name: 'Windows 11', os.arch: 'amd64', os.version: '10.0', java.version: '17.0.8'
Driver info: org.openqa.selenium.chrome.ChromeDriver
Command: [499dfbfab3c797fea9843de4e376fd63, clickElement {id=f.3F1275DD127DB6ED86DE15B82461511F.d.8CC9B47A80BFB0A69B8E39487044B218.e.752}]
Capabilities {acceptInsecureCerts: false, browserName: chrome, browserVersion: 123.0.6312.86, chrome: {chromedriverVersion: 123.0.6312.105 (399174dbe6e..., userDataDir: C:\Users\ameer\AppData\Loca...}, fedcm:accounts: true, goog:chromeOptions: {debuggerAddress: localhost:54037}, networkConnectionEnabled: false, pageLoadStrategy: normal, platformName: windows, proxy: Proxy(), se:cdp: ws://localhost:54037/devtoo..., se:cdpVersion: 123.0.6312.86, setWindowRect: true, strictFileInteractability: false, timeouts: {implicit: 0, pageLoad: 300000, script: 30000}, unhandledPromptBehavior: dismiss and notify, webauthn:extension:credBlob: true, webauthn:extension:largeBlob: true, webauthn:extension:minPinLength: true, webauthn:extension:prf: true, webauthn:virtualAuthenticators: true}
Element: [[ChromeDriver: chrome on windows (499dfbfab3c797fea9843de4e376fd63)] -> xpath: (//div[@class="traveller-detailsstyles__TravellerHdWrap-sc-1xqbced-7 fLJJka"])[3]]
Session ID: 499dfbfab3c797fea9843de4e376fd63
at java.base/jdk.internal.reflect.NativeConstructorAccessorImpl.newInstance0(Native Method)
at java.base/jdk.internal.reflect.NativeConstructorAccessorImpl.newInstance(NativeConstructorAccessorImpl.java:77)
at java.base/jdk.internal.reflect.DelegatingConstructorAccessorImpl.newInstance(DelegatingConstructorAccessorImpl.java:45)
at java.base/java.lang.reflect.Constructor.newInstanceWithCaller(Constructor.java:499)
at java.base/java.lang.reflect.Constructor.newInstance(Constructor.java:480)
at org.openqa.selenium.remote.codec.w3c.W3CHttpResponseCodec.createException(W3CHttpResponseCodec.java:200)
at org.openqa.selenium.remote.codec.w3c.W3CHttpResponseCodec.decode(W3CHttpResponseCodec.java:133)
at org.openqa.selenium.remote.codec.w3c.W3CHttpResponseCodec.decode(W3CHttpResponseCodec.java:52)
at org.openqa.selenium.remote.HttpCommandExecutor.execute(HttpCommandExecutor.java:191)
at org.openqa.selenium.remote.service.DriverCommandExecutor.invokeExecute(DriverCommandExecutor.java:200)
at org.openqa.selenium.remote.service.DriverCommandExecutor.execute(DriverCommandExecutor.java:175)
at org.openqa.selenium.remote.RemoteWebDriver.execute(RemoteWebDriver.java:607)
at org.openqa.selenium.remote.RemoteWebElement.execute(RemoteWebElement.java:224)
at org.openqa.selenium.remote.RemoteWebElement.click(RemoteWebElement.java:77)
at jdk.internal.reflect.GeneratedMethodAccessor1.invoke(Unknown Source)
at java.base/jdk.internal.reflect.DelegatingMethodAccessorImpl.invoke(DelegatingMethodAccessorImpl.java:43)
at java.base/java.lang.reflect.Method.invoke(Method.java:568)
at org.openqa.selenium.support.pagefactory.internal.LocatingElementHandler.invoke(LocatingElementHandler.java:51)
at jdk.proxy2/jdk.proxy2.$Proxy13.click(Unknown Source)
at Ameer.GoibiboPrjPOMPages.MultiPassengerBookingTC09Page.SelAdult3(MultiPassengerBookingTC09Page.java:115)
at Ameer.GoibiboPrjPOMTests.Goibibo_TC15.BookFlightandDoPayment(Goibibo_TC15.java:57)
at java.base/jdk.internal.reflect.NativeMethodAccessorImpl.invoke0(Native Method)
at java.base/jdk.internal.reflect.NativeMethodAccessorImpl.invoke(NativeMethodAccessorImpl.java:77)
at java.base/jdk.internal.reflect.DelegatingMethodAccessorImpl.invoke(DelegatingMethodAccessorImpl.java:43)
at java.base/java.lang.reflect.Method.invoke(Method.java:568)
at org.testng.internal.invokers.MethodInvocationHelper.invokeMethod(MethodInvocationHelper.java:139)
at org.testng.internal.invokers.TestInvoker.invokeMethod(TestInvoker.java:664)
at org.testng.internal.invokers.TestInvoker.invokeTestMethod(TestInvoker.java:227)
at org.testng.internal.invokers.MethodRunner.runInSequence(MethodRunner.java:50)
at org.testng.internal.invokers.TestInvoker$MethodInvocationAgent.invoke(TestInvoker.java:957)
at org.testng.internal.invokers.TestInvoker.invokeTestMethods(TestInvoker.java:200)
at org.testng.internal.invokers.TestMethodWorker.invokeTestMethods(TestMethodWorker.java:148)
at org.testng.internal.invokers.TestMethodWorker.run(TestMethodWorker.java:128)
at java.base/java.util.ArrayList.forEach(ArrayList.java:1511)
at org.testng.TestRunner.privateRun(TestRunner.java:848)
at org.testng.TestRunner.run(TestRunner.java:621)
at org.testng.SuiteRunner.runTest(SuiteRunner.java:443)
at org.testng.SuiteRunner.runSequentially(SuiteRunner.java:437)
at org.testng.SuiteRunner.privateRun(SuiteRunner.java:397)
at org.testng.SuiteRunner.run(SuiteRunner.java:336)
at org.testng.SuiteRunnerWorker.runSuite(SuiteRunnerWorker.java:52)
at org.testng.SuiteRunnerWorker.run(SuiteRunnerWorker.java:95)
at org.testng.TestNG.runSuitesSequentially(TestNG.java:1280)
at org.testng.TestNG.runSuitesLocally(TestNG.java:1200)
at org.testng.TestNG.runSuites(TestNG.java:1114)
at org.testng.TestNG.run(TestNG.java:1082)
at org.testng.remote.AbstractRemoteTestNG.run(AbstractRemoteTestNG.java:115)
at org.testng.remote.RemoteTestNG.initAndRun(RemoteTestNG.java:251)
at org.testng.remote.RemoteTestNG.main(RemoteTestNG.java:77)
]]>
    </error>
    <system-out>
      <![CDATA[Test Case Failed while execution hence takeing Sceenshoot]]>
    </system-out>
  </testcase> <!-- BookFlightandDoPayment -->
  <system-out>
    <![CDATA[Test Case Success while execution hence takeing Sceenshoot
Test Case Success while execution hence takeing Sceenshoot
Test Case Failed while execution hence takeing Sceenshoot
Test Case Success while execution hence takeing Sceenshoot
Test Case Success while execution hence takeing Sceenshoot
Test Case Success while execution hence takeing Sceenshoot
Test Case Success while execution hence takeing Sceenshoot
Test Case Success while execution hence takeing Sceenshoot
Test Case Failed while execution hence takeing Sceenshoot
Test Case Failed while execution hence takeing Sceenshoot
Test Case Failed while execution hence takeing Sceenshoot
Test Case Success while execution hence takeing Sceenshoot
Test Case Failed while execution hence takeing Sceenshoot
Test Case Failed while execution hence takeing Sceenshoot
Test Case Success while execution hence takeing Sceenshoot
Test Case Failed while execution hence takeing Sceenshoot]]>
  </system-out>
</testsuite> <!-- Ameer.GoibiboPrjPOMTests.Goibibo_TC15 -->
